<?xml version="1.0" encoding="UTF-8"?>
<!-- Generated by org.testng.reporters.JUnitReportReporter -->
<testsuite hostname="KYUNGDUCK-PC" name="com.naver.main.kin.s03_새질문.suite_01_새질문_하위메뉴_Test" tests="12" failures="4" timestamp="13 Aug 2014 12:59:23 GMT" time="146.862" errors="1">
  <testcase name="TC_07_새질문_관심키워드_전체_Test" time="31.100" classname="com.naver.main.kin.s03_새질문.suite_01_새질문_하위메뉴_Test">
    <failure type="org.openqa.selenium.TimeoutException" message="Timed out after 30 seconds waiting for presence of element located by: By.linkText: 아이폰
Build info: version: &#039;2.32.0&#039;, revision: &#039;6c40c18&#039;, time: &#039;2013-04-09 17:23:04&#039;
System info: os.name: &#039;Windows 7&#039;, os.arch: &#039;x86&#039;, os.version: &#039;6.1&#039;, java.version: &#039;1.7.0_45&#039;
Driver info: driver.version: unknown">
      <![CDATA[org.openqa.selenium.TimeoutException: Timed out after 30 seconds waiting for presence of element located by: By.linkText: 아이폰
Build info: version: '2.32.0', revision: '6c40c18', time: '2013-04-09 17:23:04'
System info: os.name: 'Windows 7', os.arch: 'x86', os.version: '6.1', java.version: '1.7.0_45'
Driver info: driver.version: unknown
	at org.openqa.selenium.support.ui.FluentWait.timeoutException(FluentWait.java:259)
	at org.openqa.selenium.support.ui.FluentWait.until(FluentWait.java:228)
	at com.naver.main.Utilities.waitForIsSelected(Utilities.java:633)
	at com.naver.main.kin.s03_새질문.suite_01_새질문_하위메뉴_Test.TC_07_새질문_관심키워드_전체_Test(suite_01_새질문_하위메뉴_Test.java:210)
	at sun.reflect.NativeMethodAccessorImpl.invoke0(Native Method)
	at sun.reflect.NativeMethodAccessorImpl.invoke(NativeMethodAccessorImpl.java:57)
	at sun.reflect.DelegatingMethodAccessorImpl.invoke(DelegatingMethodAccessorImpl.java:43)
	at java.lang.reflect.Method.invoke(Method.java:606)
	at org.testng.internal.MethodInvocationHelper.invokeMethod(MethodInvocationHelper.java:84)
	at org.testng.internal.Invoker.invokeMethod(Invoker.java:714)
	at org.testng.internal.Invoker.invokeTestMethod(Invoker.java:901)
	at org.testng.internal.Invoker.invokeTestMethods(Invoker.java:1231)
	at org.testng.internal.TestMethodWorker.invokeTestMethods(TestMethodWorker.java:127)
	at org.testng.internal.TestMethodWorker.run(TestMethodWorker.java:111)
	at org.testng.TestRunner.privateRun(TestRunner.java:767)
	at org.testng.TestRunner.run(TestRunner.java:617)
	at org.testng.SuiteRunner.runTest(SuiteRunner.java:334)
	at org.testng.SuiteRunner.access$000(SuiteRunner.java:37)
	at org.testng.SuiteRunner$SuiteWorker.run(SuiteRunner.java:368)
	at org.testng.internal.thread.ThreadUtil$2.call(ThreadUtil.java:64)
	at java.util.concurrent.FutureTask.run(FutureTask.java:262)
	at java.util.concurrent.ThreadPoolExecutor.runWorker(ThreadPoolExecutor.java:1145)
	at java.util.concurrent.ThreadPoolExecutor$Worker.run(ThreadPoolExecutor.java:615)
	at java.lang.Thread.run(Thread.java:744)
Caused by: org.openqa.selenium.NoSuchElementException: Could not find element with linkText: 아이폰
For documentation on this error, please visit: http://seleniumhq.org/exceptions/no_such_element.html
Build info: version: 'unknown', revision: 'unknown', time: 'unknown'
System info: os.name: 'Linux', os.arch: 'armv7l', os.version: '3.0.31-2029580', java.version: '0'
Driver info: driver.version: EventFiringWebDriver
Command duration or timeout: 425 milliseconds
For documentation on this error, please visit: http://seleniumhq.org/exceptions/no_such_element.html
Build info: version: '2.32.0', revision: '6c40c18', time: '2013-04-09 17:23:04'
System info: os.name: 'Windows 7', os.arch: 'x86', os.version: '6.1', java.version: '1.7.0_45'
Session ID: 1407927042902
Driver info: com.naver.main.Utilities
Capabilities [{platform=ANDROID, acceptSslCerts=true, javascriptEnabled=true, handlesAlerts=true, browserName=android, browserConnectionEnabled=true, webStorageEnabled=true, rotatable=true, locationContextEnabled=true, applicationCacheEnabled=true, webdriver.remote.sessionid=1407927042902, takesScreenshot=true, version=19}]
	at sun.reflect.GeneratedConstructorAccessor12.newInstance(Unknown Source)
	at sun.reflect.DelegatingConstructorAccessorImpl.newInstance(DelegatingConstructorAccessorImpl.java:45)
	at java.lang.reflect.Constructor.newInstance(Constructor.java:526)
	at org.openqa.selenium.remote.ErrorHandler.createThrowable(ErrorHandler.java:187)
	at org.openqa.selenium.remote.ErrorHandler.throwIfResponseFailed(ErrorHandler.java:145)
	at org.openqa.selenium.remote.RemoteWebDriver.execute(RemoteWebDriver.java:554)
	at org.openqa.selenium.remote.RemoteWebDriver.findElement(RemoteWebDriver.java:307)
	at org.openqa.selenium.remote.RemoteWebDriver.findElementByLinkText(RemoteWebDriver.java:356)
	at org.openqa.selenium.By$ByLinkText.findElement(By.java:241)
	at org.openqa.selenium.remote.RemoteWebDriver.findElement(RemoteWebDriver.java:299)
	at org.openqa.selenium.support.ui.ExpectedConditions.findElement(ExpectedConditions.java:523)
	at org.openqa.selenium.support.ui.ExpectedConditions.access$0(ExpectedConditions.java:521)
	at org.openqa.selenium.support.ui.ExpectedConditions$3.apply(ExpectedConditions.java:106)
	at org.openqa.selenium.support.ui.ExpectedConditions$3.apply(ExpectedConditions.java:1)
	at org.openqa.selenium.support.ui.FluentWait.until(FluentWait.java:208)
	... 22 more
Caused by: org.openqa.selenium.NoSuchElementException: Could not find element with linkText: 아이폰
For documentation on this error, please visit: http://seleniumhq.org/exceptions/no_such_element.html
Build info: version: 'unknown', revision: 'unknown', time: 'unknown'
System info: os.name: 'Linux', os.arch: 'armv7l', os.version: '3.0.31-2029580', java.version: '0'
Driver info: driver.version: EventFiringWebDriver
For documentation on this error, please visit: http://seleniumhq.org/exceptions/no_such_element.html
Build info: version: '2.32.0', revision: '6c40c18', time: '2013-04-09 17:23:04'
System info: os.name: 'Windows 7', os.arch: 'x86', os.version: '6.1', java.version: '1.7.0_45'
Driver info: driver.version: EventFiringWebDriver
	at org.openqa.selenium.android.library.AndroidWebElement.lookupElement(AndroidWebElement.java:351)
	at org.openqa.selenium.android.library.AndroidWebElement.access$1(AndroidWebElement.java:340)
	at org.openqa.selenium.android.library.AndroidWebElement$FindByImpl.findElementByLinkText(AndroidWebElement.java:270)
	at org.openqa.selenium.android.library.AndroidWebDriver$AndroidFindBy.findElementByLinkText(AndroidWebDriver.java:560)
	at org.openqa.selenium.By$ByLinkText.findElement(By.java:241)
	at org.openqa.selenium.android.library.AndroidWebDriver.findElement(AndroidWebDriver.java:507)
	at org.openqa.selenium.android.AndroidApkDriver.findElement(AndroidApkDriver.java:70)
	at java.lang.reflect.Method.invokeNative(Native Method)
	at java.lang.reflect.Method.invoke(Method.java:515)
	at org.openqa.selenium.support.events.EventFiringWebDriver$2.invoke(EventFiringWebDriver.java:102)
	at $Proxy1.findElement(Native Method)
	at org.openqa.selenium.support.events.EventFiringWebDriver.findElement(EventFiringWebDriver.java:181)
	at org.openqa.selenium.remote.server.handler.FindElement.call(FindElement.java:48)
	at org.openqa.selenium.remote.server.handler.FindElement.call(FindElement.java:1)
	at java.util.concurrent.FutureTask.run(FutureTask.java:237)
	at org.openqa.selenium.remote.server.DefaultSession$1.run(DefaultSession.java:151)
	at java.util.concurrent.ThreadPoolExecutor.runWorker(ThreadPoolExecutor.java:1112)
	at java.util.concurrent.ThreadPoolExecutor$Worker.run(ThreadPoolExecutor.java:587)
	at java.lang.Thread.run(Thread.java:841)
]]>
    </failure>
  </testcase> <!-- TC_07_새질문_관심키워드_전체_Test -->
  <testcase name="TC_09_새질문_관심지역_전체_Test" time="30.542" classname="com.naver.main.kin.s03_새질문.suite_01_새질문_하위메뉴_Test">
    <failure type="org.openqa.selenium.TimeoutException" message="Timed out after 30 seconds waiting for presence of element located by: By.id: choose_directory_manual
Build info: version: &#039;2.32.0&#039;, revision: &#039;6c40c18&#039;, time: &#039;2013-04-09 17:23:04&#039;
System info: os.name: &#039;Windows 7&#039;, os.arch: &#039;x86&#039;, os.version: &#039;6.1&#039;, java.version: &#039;1.7.0_45&#039;
Driver info: driver.version: unknown">
      <![CDATA[org.openqa.selenium.TimeoutException: Timed out after 30 seconds waiting for presence of element located by: By.id: choose_directory_manual
Build info: version: '2.32.0', revision: '6c40c18', time: '2013-04-09 17:23:04'
System info: os.name: 'Windows 7', os.arch: 'x86', os.version: '6.1', java.version: '1.7.0_45'
Driver info: driver.version: unknown
	at org.openqa.selenium.support.ui.FluentWait.timeoutException(FluentWait.java:259)
	at org.openqa.selenium.support.ui.FluentWait.until(FluentWait.java:228)
	at com.naver.main.Utilities.waitForIsElementPresent(Utilities.java:341)
	at com.naver.main.Utilities.selectAndWait(Utilities.java:508)
	at com.naver.main.kin.s03_새질문.suite_01_새질문_하위메뉴_Test.TC_09_새질문_관심지역_전체_Test(suite_01_새질문_하위메뉴_Test.java:248)
	at sun.reflect.NativeMethodAccessorImpl.invoke0(Native Method)
	at sun.reflect.NativeMethodAccessorImpl.invoke(NativeMethodAccessorImpl.java:57)
	at sun.reflect.DelegatingMethodAccessorImpl.invoke(DelegatingMethodAccessorImpl.java:43)
	at java.lang.reflect.Method.invoke(Method.java:606)
	at org.testng.internal.MethodInvocationHelper.invokeMethod(MethodInvocationHelper.java:84)
	at org.testng.internal.Invoker.invokeMethod(Invoker.java:714)
	at org.testng.internal.Invoker.invokeTestMethod(Invoker.java:901)
	at org.testng.internal.Invoker.invokeTestMethods(Invoker.java:1231)
	at org.testng.internal.TestMethodWorker.invokeTestMethods(TestMethodWorker.java:127)
	at org.testng.internal.TestMethodWorker.run(TestMethodWorker.java:111)
	at org.testng.TestRunner.privateRun(TestRunner.java:767)
	at org.testng.TestRunner.run(TestRunner.java:617)
	at org.testng.SuiteRunner.runTest(SuiteRunner.java:334)
	at org.testng.SuiteRunner.access$000(SuiteRunner.java:37)
	at org.testng.SuiteRunner$SuiteWorker.run(SuiteRunner.java:368)
	at org.testng.internal.thread.ThreadUtil$2.call(ThreadUtil.java:64)
	at java.util.concurrent.FutureTask.run(FutureTask.java:262)
	at java.util.concurrent.ThreadPoolExecutor.runWorker(ThreadPoolExecutor.java:1145)
	at java.util.concurrent.ThreadPoolExecutor$Worker.run(ThreadPoolExecutor.java:615)
	at java.lang.Thread.run(Thread.java:744)
Caused by: org.openqa.selenium.NoSuchElementException: Could not find element with id: choose_directory_manual
For documentation on this error, please visit: http://seleniumhq.org/exceptions/no_such_element.html
Build info: version: 'unknown', revision: 'unknown', time: 'unknown'
System info: os.name: 'Linux', os.arch: 'armv7l', os.version: '3.0.31-2029580', java.version: '0'
Driver info: driver.version: EventFiringWebDriver
Command duration or timeout: 140 milliseconds
For documentation on this error, please visit: http://seleniumhq.org/exceptions/no_such_element.html
Build info: version: '2.32.0', revision: '6c40c18', time: '2013-04-09 17:23:04'
System info: os.name: 'Windows 7', os.arch: 'x86', os.version: '6.1', java.version: '1.7.0_45'
Session ID: 1407927042902
Driver info: com.naver.main.Utilities
Capabilities [{platform=ANDROID, acceptSslCerts=true, javascriptEnabled=true, handlesAlerts=true, browserName=android, browserConnectionEnabled=true, webStorageEnabled=true, rotatable=true, locationContextEnabled=true, applicationCacheEnabled=true, webdriver.remote.sessionid=1407927042902, takesScreenshot=true, version=19}]
	at sun.reflect.GeneratedConstructorAccessor12.newInstance(Unknown Source)
	at sun.reflect.DelegatingConstructorAccessorImpl.newInstance(DelegatingConstructorAccessorImpl.java:45)
	at java.lang.reflect.Constructor.newInstance(Constructor.java:526)
	at org.openqa.selenium.remote.ErrorHandler.createThrowable(ErrorHandler.java:187)
	at org.openqa.selenium.remote.ErrorHandler.throwIfResponseFailed(ErrorHandler.java:145)
	at org.openqa.selenium.remote.RemoteWebDriver.execute(RemoteWebDriver.java:554)
	at org.openqa.selenium.remote.RemoteWebDriver.findElement(RemoteWebDriver.java:307)
	at org.openqa.selenium.remote.RemoteWebDriver.findElementById(RemoteWebDriver.java:348)
	at org.openqa.selenium.By$ById.findElement(By.java:216)
	at org.openqa.selenium.remote.RemoteWebDriver.findElement(RemoteWebDriver.java:299)
	at org.openqa.selenium.support.ui.ExpectedConditions.findElement(ExpectedConditions.java:523)
	at org.openqa.selenium.support.ui.ExpectedConditions.access$0(ExpectedConditions.java:521)
	at org.openqa.selenium.support.ui.ExpectedConditions$3.apply(ExpectedConditions.java:106)
	at org.openqa.selenium.support.ui.ExpectedConditions$3.apply(ExpectedConditions.java:1)
	at org.openqa.selenium.support.ui.FluentWait.until(FluentWait.java:208)
	... 23 more
Caused by: org.openqa.selenium.NoSuchElementException: Could not find element with id: choose_directory_manual
For documentation on this error, please visit: http://seleniumhq.org/exceptions/no_such_element.html
Build info: version: 'unknown', revision: 'unknown', time: 'unknown'
System info: os.name: 'Linux', os.arch: 'armv7l', os.version: '3.0.31-2029580', java.version: '0'
Driver info: driver.version: EventFiringWebDriver
For documentation on this error, please visit: http://seleniumhq.org/exceptions/no_such_element.html
Build info: version: '2.32.0', revision: '6c40c18', time: '2013-04-09 17:23:04'
System info: os.name: 'Windows 7', os.arch: 'x86', os.version: '6.1', java.version: '1.7.0_45'
Driver info: driver.version: EventFiringWebDriver
	at org.openqa.selenium.android.library.AndroidWebElement.lookupElement(AndroidWebElement.java:351)
	at org.openqa.selenium.android.library.AndroidWebElement.access$1(AndroidWebElement.java:340)
	at org.openqa.selenium.android.library.AndroidWebElement$FindByImpl.findElementById(AndroidWebElement.java:254)
	at org.openqa.selenium.android.library.AndroidWebDriver$AndroidFindBy.findElementById(AndroidWebDriver.java:568)
	at org.openqa.selenium.By$ById.findElement(By.java:216)
	at org.openqa.selenium.android.library.AndroidWebDriver.findElement(AndroidWebDriver.java:507)
	at org.openqa.selenium.android.AndroidApkDriver.findElement(AndroidApkDriver.java:70)
	at java.lang.reflect.Method.invokeNative(Native Method)
	at java.lang.reflect.Method.invoke(Method.java:515)
	at org.openqa.selenium.support.events.EventFiringWebDriver$2.invoke(EventFiringWebDriver.java:102)
	at $Proxy1.findElement(Native Method)
	at org.openqa.selenium.support.events.EventFiringWebDriver.findElement(EventFiringWebDriver.java:181)
	at org.openqa.selenium.remote.server.handler.FindElement.call(FindElement.java:48)
	at org.openqa.selenium.remote.server.handler.FindElement.call(FindElement.java:1)
	at java.util.concurrent.FutureTask.run(FutureTask.java:237)
	at org.openqa.selenium.remote.server.DefaultSession$1.run(DefaultSession.java:151)
	at java.util.concurrent.ThreadPoolExecutor.runWorker(ThreadPoolExecutor.java:1112)
	at java.util.concurrent.ThreadPoolExecutor$Worker.run(ThreadPoolExecutor.java:587)
	at java.lang.Thread.run(Thread.java:841)
]]>
    </failure>
  </testcase> <!-- TC_09_새질문_관심지역_전체_Test -->
  <testcase name="TC_06_새질문_전체_펼치기_Test" time="0.001" classname="com.naver.main.kin.s03_새질문.suite_01_새질문_하위메뉴_Test"/>
  <testcase name="TC_03_새질문_관심탭_관심키워드_Test" time="2.977" classname="com.naver.main.kin.s03_새질문.suite_01_새질문_하위메뉴_Test"/>
  <testcase name="TC_02_새질문_관심탭_관심지역_Test" time="2.933" classname="com.naver.main.kin.s03_새질문.suite_01_새질문_하위메뉴_Test"/>
  <testcase name="TC_07_내소식_TOP" time="0.000" classname="com.naver.main.kin.s03_새질문.suite_01_새질문_하위메뉴_Test"/>
  <testcase name="TC_10_새질문_관심지역_설정_Test" time="30.400" classname="com.naver.main.kin.s03_새질문.suite_01_새질문_하위메뉴_Test">
    <failure type="org.openqa.selenium.TimeoutException" message="Timed out after 30 seconds waiting for element to be clickable: By.className: set
Build info: version: &#039;2.32.0&#039;, revision: &#039;6c40c18&#039;, time: &#039;2013-04-09 17:23:04&#039;
System info: os.name: &#039;Windows 7&#039;, os.arch: &#039;x86&#039;, os.version: &#039;6.1&#039;, java.version: &#039;1.7.0_45&#039;
Driver info: driver.version: unknown">
      <![CDATA[org.openqa.selenium.TimeoutException: Timed out after 30 seconds waiting for element to be clickable: By.className: set
Build info: version: '2.32.0', revision: '6c40c18', time: '2013-04-09 17:23:04'
System info: os.name: 'Windows 7', os.arch: 'x86', os.version: '6.1', java.version: '1.7.0_45'
Driver info: driver.version: unknown
	at org.openqa.selenium.support.ui.FluentWait.timeoutException(FluentWait.java:259)
	at org.openqa.selenium.support.ui.FluentWait.until(FluentWait.java:228)
	at com.naver.main.Utilities.clickAndWait(Utilities.java:448)
	at com.naver.main.kin.s03_새질문.suite_01_새질문_하위메뉴_Test.TC_10_새질문_관심지역_설정_Test(suite_01_새질문_하위메뉴_Test.java:263)
	at sun.reflect.NativeMethodAccessorImpl.invoke0(Native Method)
	at sun.reflect.NativeMethodAccessorImpl.invoke(NativeMethodAccessorImpl.java:57)
	at sun.reflect.DelegatingMethodAccessorImpl.invoke(DelegatingMethodAccessorImpl.java:43)
	at java.lang.reflect.Method.invoke(Method.java:606)
	at org.testng.internal.MethodInvocationHelper.invokeMethod(MethodInvocationHelper.java:84)
	at org.testng.internal.Invoker.invokeMethod(Invoker.java:714)
	at org.testng.internal.Invoker.invokeTestMethod(Invoker.java:901)
	at org.testng.internal.Invoker.invokeTestMethods(Invoker.java:1231)
	at org.testng.internal.TestMethodWorker.invokeTestMethods(TestMethodWorker.java:127)
	at org.testng.internal.TestMethodWorker.run(TestMethodWorker.java:111)
	at org.testng.TestRunner.privateRun(TestRunner.java:767)
	at org.testng.TestRunner.run(TestRunner.java:617)
	at org.testng.SuiteRunner.runTest(SuiteRunner.java:334)
	at org.testng.SuiteRunner.access$000(SuiteRunner.java:37)
	at org.testng.SuiteRunner$SuiteWorker.run(SuiteRunner.java:368)
	at org.testng.internal.thread.ThreadUtil$2.call(ThreadUtil.java:64)
	at java.util.concurrent.FutureTask.run(FutureTask.java:262)
	at java.util.concurrent.ThreadPoolExecutor.runWorker(ThreadPoolExecutor.java:1145)
	at java.util.concurrent.ThreadPoolExecutor$Worker.run(ThreadPoolExecutor.java:615)
	at java.lang.Thread.run(Thread.java:744)
Caused by: org.openqa.selenium.NoSuchElementException: Could not find element with className: set
For documentation on this error, please visit: http://seleniumhq.org/exceptions/no_such_element.html
Build info: version: 'unknown', revision: 'unknown', time: 'unknown'
System info: os.name: 'Linux', os.arch: 'armv7l', os.version: '3.0.31-2029580', java.version: '0'
Driver info: driver.version: EventFiringWebDriver
Command duration or timeout: 132 milliseconds
For documentation on this error, please visit: http://seleniumhq.org/exceptions/no_such_element.html
Build info: version: '2.32.0', revision: '6c40c18', time: '2013-04-09 17:23:04'
System info: os.name: 'Windows 7', os.arch: 'x86', os.version: '6.1', java.version: '1.7.0_45'
Session ID: 1407927042902
Driver info: com.naver.main.Utilities
Capabilities [{platform=ANDROID, acceptSslCerts=true, javascriptEnabled=true, handlesAlerts=true, browserName=android, browserConnectionEnabled=true, webStorageEnabled=true, rotatable=true, locationContextEnabled=true, applicationCacheEnabled=true, webdriver.remote.sessionid=1407927042902, takesScreenshot=true, version=19}]
	at sun.reflect.GeneratedConstructorAccessor12.newInstance(Unknown Source)
	at sun.reflect.DelegatingConstructorAccessorImpl.newInstance(DelegatingConstructorAccessorImpl.java:45)
	at java.lang.reflect.Constructor.newInstance(Constructor.java:526)
	at org.openqa.selenium.remote.ErrorHandler.createThrowable(ErrorHandler.java:187)
	at org.openqa.selenium.remote.ErrorHandler.throwIfResponseFailed(ErrorHandler.java:145)
	at org.openqa.selenium.remote.RemoteWebDriver.execute(RemoteWebDriver.java:554)
	at org.openqa.selenium.remote.RemoteWebDriver.findElement(RemoteWebDriver.java:307)
	at org.openqa.selenium.remote.RemoteWebDriver.findElementByClassName(RemoteWebDriver.java:388)
	at org.openqa.selenium.By$ByClassName.findElement(By.java:371)
	at org.openqa.selenium.remote.RemoteWebDriver.findElement(RemoteWebDriver.java:299)
	at org.openqa.selenium.support.ui.ExpectedConditions.findElement(ExpectedConditions.java:523)
	at org.openqa.selenium.support.ui.ExpectedConditions.access$0(ExpectedConditions.java:521)
	at org.openqa.selenium.support.ui.ExpectedConditions$4.apply(ExpectedConditions.java:130)
	at org.openqa.selenium.support.ui.ExpectedConditions$4.apply(ExpectedConditions.java:1)
	at org.openqa.selenium.support.ui.ExpectedConditions$12.apply(ExpectedConditions.java:355)
	at org.openqa.selenium.support.ui.ExpectedConditions$12.apply(ExpectedConditions.java:1)
	at org.openqa.selenium.support.ui.FluentWait.until(FluentWait.java:208)
	... 22 more
Caused by: org.openqa.selenium.NoSuchElementException: Could not find element with className: set
For documentation on this error, please visit: http://seleniumhq.org/exceptions/no_such_element.html
Build info: version: 'unknown', revision: 'unknown', time: 'unknown'
System info: os.name: 'Linux', os.arch: 'armv7l', os.version: '3.0.31-2029580', java.version: '0'
Driver info: driver.version: EventFiringWebDriver
For documentation on this error, please visit: http://seleniumhq.org/exceptions/no_such_element.html
Build info: version: '2.32.0', revision: '6c40c18', time: '2013-04-09 17:23:04'
System info: os.name: 'Windows 7', os.arch: 'x86', os.version: '6.1', java.version: '1.7.0_45'
Driver info: driver.version: EventFiringWebDriver
	at org.openqa.selenium.android.library.AndroidWebElement.lookupElement(AndroidWebElement.java:351)
	at org.openqa.selenium.android.library.AndroidWebElement.access$1(AndroidWebElement.java:340)
	at org.openqa.selenium.android.library.AndroidWebElement$FindByImpl.findElementByClassName(AndroidWebElement.java:310)
	at org.openqa.selenium.android.library.AndroidWebDriver$AndroidFindBy.findElementByClassName(AndroidWebDriver.java:616)
	at org.openqa.selenium.By$ByClassName.findElement(By.java:371)
	at org.openqa.selenium.android.library.AndroidWebDriver.findElement(AndroidWebDriver.java:507)
	at org.openqa.selenium.android.AndroidApkDriver.findElement(AndroidApkDriver.java:70)
	at java.lang.reflect.Method.invokeNative(Native Method)
	at java.lang.reflect.Method.invoke(Method.java:515)
	at org.openqa.selenium.support.events.EventFiringWebDriver$2.invoke(EventFiringWebDriver.java:102)
	at $Proxy1.findElement(Native Method)
	at org.openqa.selenium.support.events.EventFiringWebDriver.findElement(EventFiringWebDriver.java:181)
	at org.openqa.selenium.remote.server.handler.FindElement.call(FindElement.java:48)
	at org.openqa.selenium.remote.server.handler.FindElement.call(FindElement.java:1)
	at java.util.concurrent.FutureTask.run(FutureTask.java:237)
	at org.openqa.selenium.remote.server.DefaultSession$1.run(DefaultSession.java:151)
	at java.util.concurrent.ThreadPoolExecutor.runWorker(ThreadPoolExecutor.java:1112)
	at java.util.concurrent.ThreadPoolExecutor$Worker.run(ThreadPoolExecutor.java:587)
	at java.lang.Thread.run(Thread.java:841)
]]>
    </failure>
  </testcase> <!-- TC_10_새질문_관심지역_설정_Test -->
  <testcase name="TC_05_새질문_관심분야_전체_Test" time="31.493" classname="com.naver.main.kin.s03_새질문.suite_01_새질문_하위메뉴_Test">
    <failure type="org.openqa.selenium.TimeoutException" message="Timed out after 30 seconds waiting for presence of element located by: By.linkText: 경제
Build info: version: &#039;2.32.0&#039;, revision: &#039;6c40c18&#039;, time: &#039;2013-04-09 17:23:04&#039;
System info: os.name: &#039;Windows 7&#039;, os.arch: &#039;x86&#039;, os.version: &#039;6.1&#039;, java.version: &#039;1.7.0_45&#039;
Driver info: driver.version: unknown">
      <![CDATA[org.openqa.selenium.TimeoutException: Timed out after 30 seconds waiting for presence of element located by: By.linkText: 경제
Build info: version: '2.32.0', revision: '6c40c18', time: '2013-04-09 17:23:04'
System info: os.name: 'Windows 7', os.arch: 'x86', os.version: '6.1', java.version: '1.7.0_45'
Driver info: driver.version: unknown
	at org.openqa.selenium.support.ui.FluentWait.timeoutException(FluentWait.java:259)
	at org.openqa.selenium.support.ui.FluentWait.until(FluentWait.java:228)
	at com.naver.main.Utilities.waitForIsSelected(Utilities.java:633)
	at com.naver.main.kin.s03_새질문.suite_01_새질문_하위메뉴_Test.TC_05_새질문_관심분야_전체_Test(suite_01_새질문_하위메뉴_Test.java:171)
	at sun.reflect.NativeMethodAccessorImpl.invoke0(Native Method)
	at sun.reflect.NativeMethodAccessorImpl.invoke(NativeMethodAccessorImpl.java:57)
	at sun.reflect.DelegatingMethodAccessorImpl.invoke(DelegatingMethodAccessorImpl.java:43)
	at java.lang.reflect.Method.invoke(Method.java:606)
	at org.testng.internal.MethodInvocationHelper.invokeMethod(MethodInvocationHelper.java:84)
	at org.testng.internal.Invoker.invokeMethod(Invoker.java:714)
	at org.testng.internal.Invoker.invokeTestMethod(Invoker.java:901)
	at org.testng.internal.Invoker.invokeTestMethods(Invoker.java:1231)
	at org.testng.internal.TestMethodWorker.invokeTestMethods(TestMethodWorker.java:127)
	at org.testng.internal.TestMethodWorker.run(TestMethodWorker.java:111)
	at org.testng.TestRunner.privateRun(TestRunner.java:767)
	at org.testng.TestRunner.run(TestRunner.java:617)
	at org.testng.SuiteRunner.runTest(SuiteRunner.java:334)
	at org.testng.SuiteRunner.access$000(SuiteRunner.java:37)
	at org.testng.SuiteRunner$SuiteWorker.run(SuiteRunner.java:368)
	at org.testng.internal.thread.ThreadUtil$2.call(ThreadUtil.java:64)
	at java.util.concurrent.FutureTask.run(FutureTask.java:262)
	at java.util.concurrent.ThreadPoolExecutor.runWorker(ThreadPoolExecutor.java:1145)
	at java.util.concurrent.ThreadPoolExecutor$Worker.run(ThreadPoolExecutor.java:615)
	at java.lang.Thread.run(Thread.java:744)
Caused by: org.openqa.selenium.NoSuchElementException: Could not find element with linkText: 경제
For documentation on this error, please visit: http://seleniumhq.org/exceptions/no_such_element.html
Build info: version: 'unknown', revision: 'unknown', time: 'unknown'
System info: os.name: 'Linux', os.arch: 'armv7l', os.version: '3.0.31-2029580', java.version: '0'
Driver info: driver.version: EventFiringWebDriver
Command duration or timeout: 616 milliseconds
For documentation on this error, please visit: http://seleniumhq.org/exceptions/no_such_element.html
Build info: version: '2.32.0', revision: '6c40c18', time: '2013-04-09 17:23:04'
System info: os.name: 'Windows 7', os.arch: 'x86', os.version: '6.1', java.version: '1.7.0_45'
Session ID: 1407927042902
Driver info: com.naver.main.Utilities
Capabilities [{platform=ANDROID, acceptSslCerts=true, javascriptEnabled=true, handlesAlerts=true, browserName=android, browserConnectionEnabled=true, webStorageEnabled=true, rotatable=true, locationContextEnabled=true, applicationCacheEnabled=true, webdriver.remote.sessionid=1407927042902, takesScreenshot=true, version=19}]
	at sun.reflect.GeneratedConstructorAccessor12.newInstance(Unknown Source)
	at sun.reflect.DelegatingConstructorAccessorImpl.newInstance(DelegatingConstructorAccessorImpl.java:45)
	at java.lang.reflect.Constructor.newInstance(Constructor.java:526)
	at org.openqa.selenium.remote.ErrorHandler.createThrowable(ErrorHandler.java:187)
	at org.openqa.selenium.remote.ErrorHandler.throwIfResponseFailed(ErrorHandler.java:145)
	at org.openqa.selenium.remote.RemoteWebDriver.execute(RemoteWebDriver.java:554)
	at org.openqa.selenium.remote.RemoteWebDriver.findElement(RemoteWebDriver.java:307)
	at org.openqa.selenium.remote.RemoteWebDriver.findElementByLinkText(RemoteWebDriver.java:356)
	at org.openqa.selenium.By$ByLinkText.findElement(By.java:241)
	at org.openqa.selenium.remote.RemoteWebDriver.findElement(RemoteWebDriver.java:299)
	at org.openqa.selenium.support.ui.ExpectedConditions.findElement(ExpectedConditions.java:523)
	at org.openqa.selenium.support.ui.ExpectedConditions.access$0(ExpectedConditions.java:521)
	at org.openqa.selenium.support.ui.ExpectedConditions$3.apply(ExpectedConditions.java:106)
	at org.openqa.selenium.support.ui.ExpectedConditions$3.apply(ExpectedConditions.java:1)
	at org.openqa.selenium.support.ui.FluentWait.until(FluentWait.java:208)
	... 22 more
Caused by: org.openqa.selenium.NoSuchElementException: Could not find element with linkText: 경제
For documentation on this error, please visit: http://seleniumhq.org/exceptions/no_such_element.html
Build info: version: 'unknown', revision: 'unknown', time: 'unknown'
System info: os.name: 'Linux', os.arch: 'armv7l', os.version: '3.0.31-2029580', java.version: '0'
Driver info: driver.version: EventFiringWebDriver
For documentation on this error, please visit: http://seleniumhq.org/exceptions/no_such_element.html
Build info: version: '2.32.0', revision: '6c40c18', time: '2013-04-09 17:23:04'
System info: os.name: 'Windows 7', os.arch: 'x86', os.version: '6.1', java.version: '1.7.0_45'
Driver info: driver.version: EventFiringWebDriver
	at org.openqa.selenium.android.library.AndroidWebElement.lookupElement(AndroidWebElement.java:351)
	at org.openqa.selenium.android.library.AndroidWebElement.access$1(AndroidWebElement.java:340)
	at org.openqa.selenium.android.library.AndroidWebElement$FindByImpl.findElementByLinkText(AndroidWebElement.java:270)
	at org.openqa.selenium.android.library.AndroidWebDriver$AndroidFindBy.findElementByLinkText(AndroidWebDriver.java:560)
	at org.openqa.selenium.By$ByLinkText.findElement(By.java:241)
	at org.openqa.selenium.android.library.AndroidWebDriver.findElement(AndroidWebDriver.java:507)
	at org.openqa.selenium.android.AndroidApkDriver.findElement(AndroidApkDriver.java:70)
	at java.lang.reflect.Method.invokeNative(Native Method)
	at java.lang.reflect.Method.invoke(Method.java:515)
	at org.openqa.selenium.support.events.EventFiringWebDriver$2.invoke(EventFiringWebDriver.java:102)
	at $Proxy1.findElement(Native Method)
	at org.openqa.selenium.support.events.EventFiringWebDriver.findElement(EventFiringWebDriver.java:181)
	at org.openqa.selenium.remote.server.handler.FindElement.call(FindElement.java:48)
	at org.openqa.selenium.remote.server.handler.FindElement.call(FindElement.java:1)
	at java.util.concurrent.FutureTask.run(FutureTask.java:237)
	at org.openqa.selenium.remote.server.DefaultSession$1.run(DefaultSession.java:151)
	at java.util.concurrent.ThreadPoolExecutor.runWorker(ThreadPoolExecutor.java:1112)
	at java.util.concurrent.ThreadPoolExecutor$Worker.run(ThreadPoolExecutor.java:587)
	at java.lang.Thread.run(Thread.java:841)
]]>
    </failure>
  </testcase> <!-- TC_05_새질문_관심분야_전체_Test -->
  <testcase name="TC_01_새질문__관심탭_전체_Test" time="7.155" classname="com.naver.main.kin.s03_새질문.suite_01_새질문_하위메뉴_Test"/>
  <testcase name="TC_08_새질문_관심키워드_설정_Test" time="3.124" classname="com.naver.main.kin.s03_새질문.suite_01_새질문_하위메뉴_Test">
    <error type="java.lang.AssertionError" message="expected [true] but found [false]">
      <![CDATA[java.lang.AssertionError: expected [true] but found [false]
	at org.testng.Assert.fail(Assert.java:94)
	at org.testng.Assert.failNotEquals(Assert.java:494)
	at org.testng.Assert.assertTrue(Assert.java:42)
	at org.testng.Assert.assertTrue(Assert.java:52)
	at com.naver.main.kin.s03_새질문.suite_01_새질문_하위메뉴_Test.TC_08_새질문_관심키워드_설정_Test(suite_01_새질문_하위메뉴_Test.java:231)
	at sun.reflect.NativeMethodAccessorImpl.invoke0(Native Method)
	at sun.reflect.NativeMethodAccessorImpl.invoke(NativeMethodAccessorImpl.java:57)
	at sun.reflect.DelegatingMethodAccessorImpl.invoke(DelegatingMethodAccessorImpl.java:43)
	at java.lang.reflect.Method.invoke(Method.java:606)
	at org.testng.internal.MethodInvocationHelper.invokeMethod(MethodInvocationHelper.java:84)
	at org.testng.internal.Invoker.invokeMethod(Invoker.java:714)
	at org.testng.internal.Invoker.invokeTestMethod(Invoker.java:901)
	at org.testng.internal.Invoker.invokeTestMethods(Invoker.java:1231)
	at org.testng.internal.TestMethodWorker.invokeTestMethods(TestMethodWorker.java:127)
	at org.testng.internal.TestMethodWorker.run(TestMethodWorker.java:111)
	at org.testng.TestRunner.privateRun(TestRunner.java:767)
	at org.testng.TestRunner.run(TestRunner.java:617)
	at org.testng.SuiteRunner.runTest(SuiteRunner.java:334)
	at org.testng.SuiteRunner.access$000(SuiteRunner.java:37)
	at org.testng.SuiteRunner$SuiteWorker.run(SuiteRunner.java:368)
	at org.testng.internal.thread.ThreadUtil$2.call(ThreadUtil.java:64)
	at java.util.concurrent.FutureTask.run(FutureTask.java:262)
	at java.util.concurrent.ThreadPoolExecutor.runWorker(ThreadPoolExecutor.java:1145)
	at java.util.concurrent.ThreadPoolExecutor$Worker.run(ThreadPoolExecutor.java:615)
	at java.lang.Thread.run(Thread.java:744)
]]>
    </error>
  </testcase> <!-- TC_08_새질문_관심키워드_설정_Test -->
  <testcase name="TC_06_새질문_관심분야_설정_Test" time="4.160" classname="com.naver.main.kin.s03_새질문.suite_01_새질문_하위메뉴_Test"/>
  <testcase name="TC_04_새질문_관심탭_전체_Test" time="2.977" classname="com.naver.main.kin.s03_새질문.suite_01_새질문_하위메뉴_Test"/>
</testsuite> <!-- com.naver.main.kin.s03_새질문.suite_01_새질문_하위메뉴_Test -->
