<html>
<head>
<title>TestNG:  galaxy_note2</title>
<link href="../testng.css" rel="stylesheet" type="text/css" />
<link href="../my-testng.css" rel="stylesheet" type="text/css" />

<style type="text/css">
.log { display: none;} 
.stack-trace { display: none;} 
</style>
<script type="text/javascript">
<!--
function flip(e) {
  current = e.style.display;
  if (current == 'block') {
    e.style.display = 'none';
    return 0;
  }
  else {
    e.style.display = 'block';
    return 1;
  }
}

function toggleBox(szDivId, elem, msg1, msg2)
{
  var res = -1;  if (document.getElementById) {
    res = flip(document.getElementById(szDivId));
  }
  else if (document.all) {
    // this is the way old msie versions work
    res = flip(document.all[szDivId]);
  }
  if(elem) {
    if(res == 0) elem.innerHTML = msg1; else elem.innerHTML = msg2;
  }

}

function toggleAllBoxes() {
  if (document.getElementsByTagName) {
    d = document.getElementsByTagName('div');
    for (i = 0; i < d.length; i++) {
      if (d[i].className == 'log') {
        flip(d[i]);
      }
    }
  }
}

// -->
</script>

</head>
<body>
<h2 align='center'>galaxy_note2</h2><table border='1' align="center">
<tr>
<td>Tests passed/Failed/Skipped:</td><td>7/5/0</td>
</tr><tr>
<td>Started on:</td><td>Wed Aug 13 21:56:36 KST 2014</td>
</tr>
<tr><td>Total time:</td><td>166 seconds (166354 ms)</td>
</tr><tr>
<td>Included groups:</td><td></td>
</tr><tr>
<td>Excluded groups:</td><td></td>
</tr>
</table><p/>
<small><i>(Hover the method name to see the test class name)</i></small><p/>
<table width='100%' border='1' class='invocation-failed'>
<tr><td colspan='4' align='center'><b>FAILED TESTS</b></td></tr>
<tr><td><b>Test method</b></td>
<td width="30%"><b>Exception</b></td>
<td width="10%"><b>Time (seconds)</b></td>
<td><b>Instance</b></td>
</tr>
<tr>
<td title='com.naver.main.kin.s03_새질문.suite_01_새질문_하위메뉴_Test.TC_05_새질문_관심분야_전체_Test()'><b>TC_05_새질문_관심분야_전체_Test</b><br>Test class: com.naver.main.kin.s03_새질문.suite_01_새질문_하위메뉴_Test</td>
<td><div><pre>org.openqa.selenium.TimeoutException: Timed out after 30 seconds waiting for presence of element located by: By.linkText: 경제
Build info: version: &apos;2.32.0&apos;, revision: &apos;6c40c18&apos;, time: &apos;2013-04-09 17:23:04&apos;
System info: os.name: &apos;Windows 7&apos;, os.arch: &apos;x86&apos;, os.version: &apos;6.1&apos;, java.version: &apos;1.7.0_45&apos;
Driver info: driver.version: unknown
	at org.openqa.selenium.support.ui.FluentWait.timeoutException(FluentWait.java:259)
	at org.openqa.selenium.support.ui.FluentWait.until(FluentWait.java:228)
	at com.naver.main.Utilities.waitForIsSelected(Utilities.java:633)
	at com.naver.main.kin.s03_새질문.suite_01_새질문_하위메뉴_Test.TC_05_새질문_관심분야_전체_Test(suite_01_새질문_하위메뉴_Test.java:171)
	at java.util.concurrent.FutureTask.run(FutureTask.java:262)
	at java.util.concurrent.ThreadPoolExecutor.runWorker(ThreadPoolExecutor.java:1145)
	at java.util.concurrent.ThreadPoolExecutor$Worker.run(ThreadPoolExecutor.java:615)
	at java.lang.Thread.run(Thread.java:744)
Caused by: org.openqa.selenium.NoSuchElementException: Could not find element with linkText: 경제
For documentation on this error, please visit: http://seleniumhq.org/exceptions/no_such_element.html
Build info: version: &apos;unknown&apos;, revision: &apos;unknown&apos;, time: &apos;unknown&apos;
System info: os.name: &apos;Linux&apos;, os.arch: &apos;armv7l&apos;, os.version: &apos;3.0.31-2029580&apos;, java.version: &apos;0&apos;
Driver info: driver.version: EventFiringWebDriver
Command duration or timeout: 616 milliseconds
For documentation on this error, please visit: http://seleniumhq.org/exceptions/no_such_element.html
Build info: version: &apos;2.32.0&apos;, revision: &apos;6c40c18&apos;, time: &apos;2013-04-09 17:23:04&apos;
System info: os.name: &apos;Windows 7&apos;, os.arch: &apos;x86&apos;, os.version: &apos;6.1&apos;, java.version: &apos;1.7.0_45&apos;
Session ID: 1407927042902
Driver info: com.naver.main.Utilities
Capabilities [{platform=ANDROID, acceptSslCerts=true, javascriptEnabled=true, handlesAlerts=true, browserName=android, browserConnectionEnabled=true, webStorageEnabled=true, rotatable=true, locationContextEnabled=true, applicationCacheEnabled=true, webdriver.remote.sessionid=1407927042902, takesScreenshot=true, version=19}]
	at org.openqa.selenium.remote.ErrorHandler.createThrowable(ErrorHandler.java:187)
	at org.openqa.selenium.remote.ErrorHandler.throwIfResponseFailed(ErrorHandler.java:145)
	at org.openqa.selenium.remote.RemoteWebDriver.execute(RemoteWebDriver.java:554)
	at org.openqa.selenium.remote.RemoteWebDriver.findElement(RemoteWebDriver.java:307)
	at org.openqa.selenium.remote.RemoteWebDriver.findElementByLinkText(RemoteWebDriver.java:356)
	at org.openqa.selenium.By$ByLinkText.findElement(By.java:241)
	at org.openqa.selenium.remote.RemoteWebDriver.findElement(RemoteWebDriver.java:299)
	at org.openqa.selenium.support.ui.ExpectedConditions.findElement(ExpectedConditions.java:523)
	at org.openqa.selenium.support.ui.ExpectedConditions.access$0(ExpectedConditions.java:521)
	at org.openqa.selenium.support.ui.ExpectedConditions$3.apply(ExpectedConditions.java:106)
	at org.openqa.selenium.support.ui.ExpectedConditions$3.apply(ExpectedConditions.java:1)
	at org.openqa.selenium.support.ui.FluentWait.until(FluentWait.java:208)
	... 22 more
Caused by: org.openqa.selenium.NoSuchElementException: Could not find element with linkText: 경제
For documentation on this error, please visit: http://seleniumhq.org/exceptions/no_such_element.html
Build info: version: &apos;unknown&apos;, revision: &apos;unknown&apos;, time: &apos;unknown&apos;
System info: os.name: &apos;Linux&apos;, os.arch: &apos;armv7l&apos;, os.version: &apos;3.0.31-2029580&apos;, java.version: &apos;0&apos;
Driver info: driver.version: EventFiringWebDriver
For documentation on this error, please visit: http://seleniumhq.org/exceptions/no_such_element.html
Build info: version: &apos;2.32.0&apos;, revision: &apos;6c40c18&apos;, time: &apos;2013-04-09 17:23:04&apos;
System info: os.name: &apos;Windows 7&apos;, os.arch: &apos;x86&apos;, os.version: &apos;6.1&apos;, java.version: &apos;1.7.0_45&apos;
Driver info: driver.version: EventFiringWebDriver
	at org.openqa.selenium.android.library.AndroidWebElement.lookupElement(AndroidWebElement.java:351)
	at org.openqa.selenium.android.library.AndroidWebElement.access$1(AndroidWebElement.java:340)
	at org.openqa.selenium.android.library.AndroidWebElement$FindByImpl.findElementByLinkText(AndroidWebElement.java:270)
	at org.openqa.selenium.android.library.AndroidWebDriver$AndroidFindBy.findElementByLinkText(AndroidWebDriver.java:560)
	at org.openqa.selenium.By$ByLinkText.findElement(By.java:241)
	at org.openqa.selenium.android.library.AndroidWebDriver.findElement(AndroidWebDriver.java:507)
	at org.openqa.selenium.android.AndroidApkDriver.findElement(AndroidApkDriver.java:70)
	at org.openqa.selenium.support.events.EventFiringWebDriver$2.invoke(EventFiringWebDriver.java:102)
	at $Proxy1.findElement(Native Method)
	at org.openqa.selenium.support.events.EventFiringWebDriver.findElement(EventFiringWebDriver.java:181)
	at org.openqa.selenium.remote.server.handler.FindElement.call(FindElement.java:48)
	at org.openqa.selenium.remote.server.handler.FindElement.call(FindElement.java:1)
	at java.util.concurrent.FutureTask.run(FutureTask.java:237)
	at org.openqa.selenium.remote.server.DefaultSession$1.run(DefaultSession.java:151)
	at java.util.concurrent.ThreadPoolExecutor.runWorker(ThreadPoolExecutor.java:1112)
	at java.util.concurrent.ThreadPoolExecutor$Worker.run(ThreadPoolExecutor.java:587)
	at java.lang.Thread.run(Thread.java:841)
... Removed 21 stack frames</pre></div><a href='#' onClick='toggleBox("stack-trace26601221", this, "Click to show all stack frames", "Click to hide stack frames")'>Click to show all stack frames</a>
<div class='stack-trace' id='stack-trace26601221'><pre>org.openqa.selenium.TimeoutException: Timed out after 30 seconds waiting for presence of element located by: By.linkText: 경제
Build info: version: &apos;2.32.0&apos;, revision: &apos;6c40c18&apos;, time: &apos;2013-04-09 17:23:04&apos;
System info: os.name: &apos;Windows 7&apos;, os.arch: &apos;x86&apos;, os.version: &apos;6.1&apos;, java.version: &apos;1.7.0_45&apos;
Driver info: driver.version: unknown
	at org.openqa.selenium.support.ui.FluentWait.timeoutException(FluentWait.java:259)
	at org.openqa.selenium.support.ui.FluentWait.until(FluentWait.java:228)
	at com.naver.main.Utilities.waitForIsSelected(Utilities.java:633)
	at com.naver.main.kin.s03_새질문.suite_01_새질문_하위메뉴_Test.TC_05_새질문_관심분야_전체_Test(suite_01_새질문_하위메뉴_Test.java:171)
	at sun.reflect.NativeMethodAccessorImpl.invoke0(Native Method)
	at sun.reflect.NativeMethodAccessorImpl.invoke(NativeMethodAccessorImpl.java:57)
	at sun.reflect.DelegatingMethodAccessorImpl.invoke(DelegatingMethodAccessorImpl.java:43)
	at java.lang.reflect.Method.invoke(Method.java:606)
	at org.testng.internal.MethodInvocationHelper.invokeMethod(MethodInvocationHelper.java:84)
	at org.testng.internal.Invoker.invokeMethod(Invoker.java:714)
	at org.testng.internal.Invoker.invokeTestMethod(Invoker.java:901)
	at org.testng.internal.Invoker.invokeTestMethods(Invoker.java:1231)
	at org.testng.internal.TestMethodWorker.invokeTestMethods(TestMethodWorker.java:127)
	at org.testng.internal.TestMethodWorker.run(TestMethodWorker.java:111)
	at org.testng.TestRunner.privateRun(TestRunner.java:767)
	at org.testng.TestRunner.run(TestRunner.java:617)
	at org.testng.SuiteRunner.runTest(SuiteRunner.java:334)
	at org.testng.SuiteRunner.access$000(SuiteRunner.java:37)
	at org.testng.SuiteRunner$SuiteWorker.run(SuiteRunner.java:368)
	at org.testng.internal.thread.ThreadUtil$2.call(ThreadUtil.java:64)
	at java.util.concurrent.FutureTask.run(FutureTask.java:262)
	at java.util.concurrent.ThreadPoolExecutor.runWorker(ThreadPoolExecutor.java:1145)
	at java.util.concurrent.ThreadPoolExecutor$Worker.run(ThreadPoolExecutor.java:615)
	at java.lang.Thread.run(Thread.java:744)
Caused by: org.openqa.selenium.NoSuchElementException: Could not find element with linkText: 경제
For documentation on this error, please visit: http://seleniumhq.org/exceptions/no_such_element.html
Build info: version: &apos;unknown&apos;, revision: &apos;unknown&apos;, time: &apos;unknown&apos;
System info: os.name: &apos;Linux&apos;, os.arch: &apos;armv7l&apos;, os.version: &apos;3.0.31-2029580&apos;, java.version: &apos;0&apos;
Driver info: driver.version: EventFiringWebDriver
Command duration or timeout: 616 milliseconds
For documentation on this error, please visit: http://seleniumhq.org/exceptions/no_such_element.html
Build info: version: &apos;2.32.0&apos;, revision: &apos;6c40c18&apos;, time: &apos;2013-04-09 17:23:04&apos;
System info: os.name: &apos;Windows 7&apos;, os.arch: &apos;x86&apos;, os.version: &apos;6.1&apos;, java.version: &apos;1.7.0_45&apos;
Session ID: 1407927042902
Driver info: com.naver.main.Utilities
Capabilities [{platform=ANDROID, acceptSslCerts=true, javascriptEnabled=true, handlesAlerts=true, browserName=android, browserConnectionEnabled=true, webStorageEnabled=true, rotatable=true, locationContextEnabled=true, applicationCacheEnabled=true, webdriver.remote.sessionid=1407927042902, takesScreenshot=true, version=19}]
	at sun.reflect.GeneratedConstructorAccessor12.newInstance(Unknown Source)
	at sun.reflect.DelegatingConstructorAccessorImpl.newInstance(DelegatingConstructorAccessorImpl.java:45)
	at java.lang.reflect.Constructor.newInstance(Constructor.java:526)
	at org.openqa.selenium.remote.ErrorHandler.createThrowable(ErrorHandler.java:187)
	at org.openqa.selenium.remote.ErrorHandler.throwIfResponseFailed(ErrorHandler.java:145)
	at org.openqa.selenium.remote.RemoteWebDriver.execute(RemoteWebDriver.java:554)
	at org.openqa.selenium.remote.RemoteWebDriver.findElement(RemoteWebDriver.java:307)
	at org.openqa.selenium.remote.RemoteWebDriver.findElementByLinkText(RemoteWebDriver.java:356)
	at org.openqa.selenium.By$ByLinkText.findElement(By.java:241)
	at org.openqa.selenium.remote.RemoteWebDriver.findElement(RemoteWebDriver.java:299)
	at org.openqa.selenium.support.ui.ExpectedConditions.findElement(ExpectedConditions.java:523)
	at org.openqa.selenium.support.ui.ExpectedConditions.access$0(ExpectedConditions.java:521)
	at org.openqa.selenium.support.ui.ExpectedConditions$3.apply(ExpectedConditions.java:106)
	at org.openqa.selenium.support.ui.ExpectedConditions$3.apply(ExpectedConditions.java:1)
	at org.openqa.selenium.support.ui.FluentWait.until(FluentWait.java:208)
	... 22 more
Caused by: org.openqa.selenium.NoSuchElementException: Could not find element with linkText: 경제
For documentation on this error, please visit: http://seleniumhq.org/exceptions/no_such_element.html
Build info: version: &apos;unknown&apos;, revision: &apos;unknown&apos;, time: &apos;unknown&apos;
System info: os.name: &apos;Linux&apos;, os.arch: &apos;armv7l&apos;, os.version: &apos;3.0.31-2029580&apos;, java.version: &apos;0&apos;
Driver info: driver.version: EventFiringWebDriver
For documentation on this error, please visit: http://seleniumhq.org/exceptions/no_such_element.html
Build info: version: &apos;2.32.0&apos;, revision: &apos;6c40c18&apos;, time: &apos;2013-04-09 17:23:04&apos;
System info: os.name: &apos;Windows 7&apos;, os.arch: &apos;x86&apos;, os.version: &apos;6.1&apos;, java.version: &apos;1.7.0_45&apos;
Driver info: driver.version: EventFiringWebDriver
	at org.openqa.selenium.android.library.AndroidWebElement.lookupElement(AndroidWebElement.java:351)
	at org.openqa.selenium.android.library.AndroidWebElement.access$1(AndroidWebElement.java:340)
	at org.openqa.selenium.android.library.AndroidWebElement$FindByImpl.findElementByLinkText(AndroidWebElement.java:270)
	at org.openqa.selenium.android.library.AndroidWebDriver$AndroidFindBy.findElementByLinkText(AndroidWebDriver.java:560)
	at org.openqa.selenium.By$ByLinkText.findElement(By.java:241)
	at org.openqa.selenium.android.library.AndroidWebDriver.findElement(AndroidWebDriver.java:507)
	at org.openqa.selenium.android.AndroidApkDriver.findElement(AndroidApkDriver.java:70)
	at java.lang.reflect.Method.invokeNative(Native Method)
	at java.lang.reflect.Method.invoke(Method.java:515)
	at org.openqa.selenium.support.events.EventFiringWebDriver$2.invoke(EventFiringWebDriver.java:102)
	at $Proxy1.findElement(Native Method)
	at org.openqa.selenium.support.events.EventFiringWebDriver.findElement(EventFiringWebDriver.java:181)
	at org.openqa.selenium.remote.server.handler.FindElement.call(FindElement.java:48)
	at org.openqa.selenium.remote.server.handler.FindElement.call(FindElement.java:1)
	at java.util.concurrent.FutureTask.run(FutureTask.java:237)
	at org.openqa.selenium.remote.server.DefaultSession$1.run(DefaultSession.java:151)
	at java.util.concurrent.ThreadPoolExecutor.runWorker(ThreadPoolExecutor.java:1112)
	at java.util.concurrent.ThreadPoolExecutor$Worker.run(ThreadPoolExecutor.java:587)
	at java.lang.Thread.run(Thread.java:841)
</pre></div></td>
<td>31</td>
<td>com.naver.main.kin.s03_새질문.suite_01_새질문_하위메뉴_Test@327cee</td></tr>
<tr>
<td title='com.naver.main.kin.s03_새질문.suite_01_새질문_하위메뉴_Test.TC_07_새질문_관심키워드_전체_Test()'><b>TC_07_새질문_관심키워드_전체_Test</b><br>Test class: com.naver.main.kin.s03_새질문.suite_01_새질문_하위메뉴_Test</td>
<td><div><pre>org.openqa.selenium.TimeoutException: Timed out after 30 seconds waiting for presence of element located by: By.linkText: 아이폰
Build info: version: &apos;2.32.0&apos;, revision: &apos;6c40c18&apos;, time: &apos;2013-04-09 17:23:04&apos;
System info: os.name: &apos;Windows 7&apos;, os.arch: &apos;x86&apos;, os.version: &apos;6.1&apos;, java.version: &apos;1.7.0_45&apos;
Driver info: driver.version: unknown
	at org.openqa.selenium.support.ui.FluentWait.timeoutException(FluentWait.java:259)
	at org.openqa.selenium.support.ui.FluentWait.until(FluentWait.java:228)
	at com.naver.main.Utilities.waitForIsSelected(Utilities.java:633)
	at com.naver.main.kin.s03_새질문.suite_01_새질문_하위메뉴_Test.TC_07_새질문_관심키워드_전체_Test(suite_01_새질문_하위메뉴_Test.java:210)
	at java.util.concurrent.FutureTask.run(FutureTask.java:262)
	at java.util.concurrent.ThreadPoolExecutor.runWorker(ThreadPoolExecutor.java:1145)
	at java.util.concurrent.ThreadPoolExecutor$Worker.run(ThreadPoolExecutor.java:615)
	at java.lang.Thread.run(Thread.java:744)
Caused by: org.openqa.selenium.NoSuchElementException: Could not find element with linkText: 아이폰
For documentation on this error, please visit: http://seleniumhq.org/exceptions/no_such_element.html
Build info: version: &apos;unknown&apos;, revision: &apos;unknown&apos;, time: &apos;unknown&apos;
System info: os.name: &apos;Linux&apos;, os.arch: &apos;armv7l&apos;, os.version: &apos;3.0.31-2029580&apos;, java.version: &apos;0&apos;
Driver info: driver.version: EventFiringWebDriver
Command duration or timeout: 425 milliseconds
For documentation on this error, please visit: http://seleniumhq.org/exceptions/no_such_element.html
Build info: version: &apos;2.32.0&apos;, revision: &apos;6c40c18&apos;, time: &apos;2013-04-09 17:23:04&apos;
System info: os.name: &apos;Windows 7&apos;, os.arch: &apos;x86&apos;, os.version: &apos;6.1&apos;, java.version: &apos;1.7.0_45&apos;
Session ID: 1407927042902
Driver info: com.naver.main.Utilities
Capabilities [{platform=ANDROID, acceptSslCerts=true, javascriptEnabled=true, handlesAlerts=true, browserName=android, browserConnectionEnabled=true, webStorageEnabled=true, rotatable=true, locationContextEnabled=true, applicationCacheEnabled=true, webdriver.remote.sessionid=1407927042902, takesScreenshot=true, version=19}]
	at org.openqa.selenium.remote.ErrorHandler.createThrowable(ErrorHandler.java:187)
	at org.openqa.selenium.remote.ErrorHandler.throwIfResponseFailed(ErrorHandler.java:145)
	at org.openqa.selenium.remote.RemoteWebDriver.execute(RemoteWebDriver.java:554)
	at org.openqa.selenium.remote.RemoteWebDriver.findElement(RemoteWebDriver.java:307)
	at org.openqa.selenium.remote.RemoteWebDriver.findElementByLinkText(RemoteWebDriver.java:356)
	at org.openqa.selenium.By$ByLinkText.findElement(By.java:241)
	at org.openqa.selenium.remote.RemoteWebDriver.findElement(RemoteWebDriver.java:299)
	at org.openqa.selenium.support.ui.ExpectedConditions.findElement(ExpectedConditions.java:523)
	at org.openqa.selenium.support.ui.ExpectedConditions.access$0(ExpectedConditions.java:521)
	at org.openqa.selenium.support.ui.ExpectedConditions$3.apply(ExpectedConditions.java:106)
	at org.openqa.selenium.support.ui.ExpectedConditions$3.apply(ExpectedConditions.java:1)
	at org.openqa.selenium.support.ui.FluentWait.until(FluentWait.java:208)
	... 22 more
Caused by: org.openqa.selenium.NoSuchElementException: Could not find element with linkText: 아이폰
For documentation on this error, please visit: http://seleniumhq.org/exceptions/no_such_element.html
Build info: version: &apos;unknown&apos;, revision: &apos;unknown&apos;, time: &apos;unknown&apos;
System info: os.name: &apos;Linux&apos;, os.arch: &apos;armv7l&apos;, os.version: &apos;3.0.31-2029580&apos;, java.version: &apos;0&apos;
Driver info: driver.version: EventFiringWebDriver
For documentation on this error, please visit: http://seleniumhq.org/exceptions/no_such_element.html
Build info: version: &apos;2.32.0&apos;, revision: &apos;6c40c18&apos;, time: &apos;2013-04-09 17:23:04&apos;
System info: os.name: &apos;Windows 7&apos;, os.arch: &apos;x86&apos;, os.version: &apos;6.1&apos;, java.version: &apos;1.7.0_45&apos;
Driver info: driver.version: EventFiringWebDriver
	at org.openqa.selenium.android.library.AndroidWebElement.lookupElement(AndroidWebElement.java:351)
	at org.openqa.selenium.android.library.AndroidWebElement.access$1(AndroidWebElement.java:340)
	at org.openqa.selenium.android.library.AndroidWebElement$FindByImpl.findElementByLinkText(AndroidWebElement.java:270)
	at org.openqa.selenium.android.library.AndroidWebDriver$AndroidFindBy.findElementByLinkText(AndroidWebDriver.java:560)
	at org.openqa.selenium.By$ByLinkText.findElement(By.java:241)
	at org.openqa.selenium.android.library.AndroidWebDriver.findElement(AndroidWebDriver.java:507)
	at org.openqa.selenium.android.AndroidApkDriver.findElement(AndroidApkDriver.java:70)
	at org.openqa.selenium.support.events.EventFiringWebDriver$2.invoke(EventFiringWebDriver.java:102)
	at $Proxy1.findElement(Native Method)
	at org.openqa.selenium.support.events.EventFiringWebDriver.findElement(EventFiringWebDriver.java:181)
	at org.openqa.selenium.remote.server.handler.FindElement.call(FindElement.java:48)
	at org.openqa.selenium.remote.server.handler.FindElement.call(FindElement.java:1)
	at java.util.concurrent.FutureTask.run(FutureTask.java:237)
	at org.openqa.selenium.remote.server.DefaultSession$1.run(DefaultSession.java:151)
	at java.util.concurrent.ThreadPoolExecutor.runWorker(ThreadPoolExecutor.java:1112)
	at java.util.concurrent.ThreadPoolExecutor$Worker.run(ThreadPoolExecutor.java:587)
	at java.lang.Thread.run(Thread.java:841)
... Removed 21 stack frames</pre></div><a href='#' onClick='toggleBox("stack-trace25371345", this, "Click to show all stack frames", "Click to hide stack frames")'>Click to show all stack frames</a>
<div class='stack-trace' id='stack-trace25371345'><pre>org.openqa.selenium.TimeoutException: Timed out after 30 seconds waiting for presence of element located by: By.linkText: 아이폰
Build info: version: &apos;2.32.0&apos;, revision: &apos;6c40c18&apos;, time: &apos;2013-04-09 17:23:04&apos;
System info: os.name: &apos;Windows 7&apos;, os.arch: &apos;x86&apos;, os.version: &apos;6.1&apos;, java.version: &apos;1.7.0_45&apos;
Driver info: driver.version: unknown
	at org.openqa.selenium.support.ui.FluentWait.timeoutException(FluentWait.java:259)
	at org.openqa.selenium.support.ui.FluentWait.until(FluentWait.java:228)
	at com.naver.main.Utilities.waitForIsSelected(Utilities.java:633)
	at com.naver.main.kin.s03_새질문.suite_01_새질문_하위메뉴_Test.TC_07_새질문_관심키워드_전체_Test(suite_01_새질문_하위메뉴_Test.java:210)
	at sun.reflect.NativeMethodAccessorImpl.invoke0(Native Method)
	at sun.reflect.NativeMethodAccessorImpl.invoke(NativeMethodAccessorImpl.java:57)
	at sun.reflect.DelegatingMethodAccessorImpl.invoke(DelegatingMethodAccessorImpl.java:43)
	at java.lang.reflect.Method.invoke(Method.java:606)
	at org.testng.internal.MethodInvocationHelper.invokeMethod(MethodInvocationHelper.java:84)
	at org.testng.internal.Invoker.invokeMethod(Invoker.java:714)
	at org.testng.internal.Invoker.invokeTestMethod(Invoker.java:901)
	at org.testng.internal.Invoker.invokeTestMethods(Invoker.java:1231)
	at org.testng.internal.TestMethodWorker.invokeTestMethods(TestMethodWorker.java:127)
	at org.testng.internal.TestMethodWorker.run(TestMethodWorker.java:111)
	at org.testng.TestRunner.privateRun(TestRunner.java:767)
	at org.testng.TestRunner.run(TestRunner.java:617)
	at org.testng.SuiteRunner.runTest(SuiteRunner.java:334)
	at org.testng.SuiteRunner.access$000(SuiteRunner.java:37)
	at org.testng.SuiteRunner$SuiteWorker.run(SuiteRunner.java:368)
	at org.testng.internal.thread.ThreadUtil$2.call(ThreadUtil.java:64)
	at java.util.concurrent.FutureTask.run(FutureTask.java:262)
	at java.util.concurrent.ThreadPoolExecutor.runWorker(ThreadPoolExecutor.java:1145)
	at java.util.concurrent.ThreadPoolExecutor$Worker.run(ThreadPoolExecutor.java:615)
	at java.lang.Thread.run(Thread.java:744)
Caused by: org.openqa.selenium.NoSuchElementException: Could not find element with linkText: 아이폰
For documentation on this error, please visit: http://seleniumhq.org/exceptions/no_such_element.html
Build info: version: &apos;unknown&apos;, revision: &apos;unknown&apos;, time: &apos;unknown&apos;
System info: os.name: &apos;Linux&apos;, os.arch: &apos;armv7l&apos;, os.version: &apos;3.0.31-2029580&apos;, java.version: &apos;0&apos;
Driver info: driver.version: EventFiringWebDriver
Command duration or timeout: 425 milliseconds
For documentation on this error, please visit: http://seleniumhq.org/exceptions/no_such_element.html
Build info: version: &apos;2.32.0&apos;, revision: &apos;6c40c18&apos;, time: &apos;2013-04-09 17:23:04&apos;
System info: os.name: &apos;Windows 7&apos;, os.arch: &apos;x86&apos;, os.version: &apos;6.1&apos;, java.version: &apos;1.7.0_45&apos;
Session ID: 1407927042902
Driver info: com.naver.main.Utilities
Capabilities [{platform=ANDROID, acceptSslCerts=true, javascriptEnabled=true, handlesAlerts=true, browserName=android, browserConnectionEnabled=true, webStorageEnabled=true, rotatable=true, locationContextEnabled=true, applicationCacheEnabled=true, webdriver.remote.sessionid=1407927042902, takesScreenshot=true, version=19}]
	at sun.reflect.GeneratedConstructorAccessor12.newInstance(Unknown Source)
	at sun.reflect.DelegatingConstructorAccessorImpl.newInstance(DelegatingConstructorAccessorImpl.java:45)
	at java.lang.reflect.Constructor.newInstance(Constructor.java:526)
	at org.openqa.selenium.remote.ErrorHandler.createThrowable(ErrorHandler.java:187)
	at org.openqa.selenium.remote.ErrorHandler.throwIfResponseFailed(ErrorHandler.java:145)
	at org.openqa.selenium.remote.RemoteWebDriver.execute(RemoteWebDriver.java:554)
	at org.openqa.selenium.remote.RemoteWebDriver.findElement(RemoteWebDriver.java:307)
	at org.openqa.selenium.remote.RemoteWebDriver.findElementByLinkText(RemoteWebDriver.java:356)
	at org.openqa.selenium.By$ByLinkText.findElement(By.java:241)
	at org.openqa.selenium.remote.RemoteWebDriver.findElement(RemoteWebDriver.java:299)
	at org.openqa.selenium.support.ui.ExpectedConditions.findElement(ExpectedConditions.java:523)
	at org.openqa.selenium.support.ui.ExpectedConditions.access$0(ExpectedConditions.java:521)
	at org.openqa.selenium.support.ui.ExpectedConditions$3.apply(ExpectedConditions.java:106)
	at org.openqa.selenium.support.ui.ExpectedConditions$3.apply(ExpectedConditions.java:1)
	at org.openqa.selenium.support.ui.FluentWait.until(FluentWait.java:208)
	... 22 more
Caused by: org.openqa.selenium.NoSuchElementException: Could not find element with linkText: 아이폰
For documentation on this error, please visit: http://seleniumhq.org/exceptions/no_such_element.html
Build info: version: &apos;unknown&apos;, revision: &apos;unknown&apos;, time: &apos;unknown&apos;
System info: os.name: &apos;Linux&apos;, os.arch: &apos;armv7l&apos;, os.version: &apos;3.0.31-2029580&apos;, java.version: &apos;0&apos;
Driver info: driver.version: EventFiringWebDriver
For documentation on this error, please visit: http://seleniumhq.org/exceptions/no_such_element.html
Build info: version: &apos;2.32.0&apos;, revision: &apos;6c40c18&apos;, time: &apos;2013-04-09 17:23:04&apos;
System info: os.name: &apos;Windows 7&apos;, os.arch: &apos;x86&apos;, os.version: &apos;6.1&apos;, java.version: &apos;1.7.0_45&apos;
Driver info: driver.version: EventFiringWebDriver
	at org.openqa.selenium.android.library.AndroidWebElement.lookupElement(AndroidWebElement.java:351)
	at org.openqa.selenium.android.library.AndroidWebElement.access$1(AndroidWebElement.java:340)
	at org.openqa.selenium.android.library.AndroidWebElement$FindByImpl.findElementByLinkText(AndroidWebElement.java:270)
	at org.openqa.selenium.android.library.AndroidWebDriver$AndroidFindBy.findElementByLinkText(AndroidWebDriver.java:560)
	at org.openqa.selenium.By$ByLinkText.findElement(By.java:241)
	at org.openqa.selenium.android.library.AndroidWebDriver.findElement(AndroidWebDriver.java:507)
	at org.openqa.selenium.android.AndroidApkDriver.findElement(AndroidApkDriver.java:70)
	at java.lang.reflect.Method.invokeNative(Native Method)
	at java.lang.reflect.Method.invoke(Method.java:515)
	at org.openqa.selenium.support.events.EventFiringWebDriver$2.invoke(EventFiringWebDriver.java:102)
	at $Proxy1.findElement(Native Method)
	at org.openqa.selenium.support.events.EventFiringWebDriver.findElement(EventFiringWebDriver.java:181)
	at org.openqa.selenium.remote.server.handler.FindElement.call(FindElement.java:48)
	at org.openqa.selenium.remote.server.handler.FindElement.call(FindElement.java:1)
	at java.util.concurrent.FutureTask.run(FutureTask.java:237)
	at org.openqa.selenium.remote.server.DefaultSession$1.run(DefaultSession.java:151)
	at java.util.concurrent.ThreadPoolExecutor.runWorker(ThreadPoolExecutor.java:1112)
	at java.util.concurrent.ThreadPoolExecutor$Worker.run(ThreadPoolExecutor.java:587)
	at java.lang.Thread.run(Thread.java:841)
</pre></div></td>
<td>31</td>
<td>com.naver.main.kin.s03_새질문.suite_01_새질문_하위메뉴_Test@327cee</td></tr>
<tr>
<td title='com.naver.main.kin.s03_새질문.suite_01_새질문_하위메뉴_Test.TC_08_새질문_관심키워드_설정_Test()'><b>TC_08_새질문_관심키워드_설정_Test</b><br>Test class: com.naver.main.kin.s03_새질문.suite_01_새질문_하위메뉴_Test<br/>
<a href="#Output-26894012" onClick='toggleBox("Output-26894012", this, "Show output", "Hide output");'>Show output</a>

<a href="#Output-26894012" onClick="toggleAllBoxes();">Show all outputs</a>
<div class='log' id="Output-26894012">
[Title] : 관심분야 : 지식iN<br><br/>
[URL] : http://qa.m.kin.naver.com/mobile/qna/userInterestDirs.nhn<br><br/>
</div>
</td>
<td><div><pre>java.lang.AssertionError: expected [true] but found [false]
	at com.naver.main.kin.s03_새질문.suite_01_새질문_하위메뉴_Test.TC_08_새질문_관심키워드_설정_Test(suite_01_새질문_하위메뉴_Test.java:231)
	at java.util.concurrent.FutureTask.run(FutureTask.java:262)
	at java.util.concurrent.ThreadPoolExecutor.runWorker(ThreadPoolExecutor.java:1145)
	at java.util.concurrent.ThreadPoolExecutor$Worker.run(ThreadPoolExecutor.java:615)
	at java.lang.Thread.run(Thread.java:744)
... Removed 20 stack frames</pre></div><a href='#' onClick='toggleBox("stack-trace26894012", this, "Click to show all stack frames", "Click to hide stack frames")'>Click to show all stack frames</a>
<div class='stack-trace' id='stack-trace26894012'><pre>java.lang.AssertionError: expected [true] but found [false]
	at org.testng.Assert.fail(Assert.java:94)
	at org.testng.Assert.failNotEquals(Assert.java:494)
	at org.testng.Assert.assertTrue(Assert.java:42)
	at org.testng.Assert.assertTrue(Assert.java:52)
	at com.naver.main.kin.s03_새질문.suite_01_새질문_하위메뉴_Test.TC_08_새질문_관심키워드_설정_Test(suite_01_새질문_하위메뉴_Test.java:231)
	at sun.reflect.NativeMethodAccessorImpl.invoke0(Native Method)
	at sun.reflect.NativeMethodAccessorImpl.invoke(NativeMethodAccessorImpl.java:57)
	at sun.reflect.DelegatingMethodAccessorImpl.invoke(DelegatingMethodAccessorImpl.java:43)
	at java.lang.reflect.Method.invoke(Method.java:606)
	at org.testng.internal.MethodInvocationHelper.invokeMethod(MethodInvocationHelper.java:84)
	at org.testng.internal.Invoker.invokeMethod(Invoker.java:714)
	at org.testng.internal.Invoker.invokeTestMethod(Invoker.java:901)
	at org.testng.internal.Invoker.invokeTestMethods(Invoker.java:1231)
	at org.testng.internal.TestMethodWorker.invokeTestMethods(TestMethodWorker.java:127)
	at org.testng.internal.TestMethodWorker.run(TestMethodWorker.java:111)
	at org.testng.TestRunner.privateRun(TestRunner.java:767)
	at org.testng.TestRunner.run(TestRunner.java:617)
	at org.testng.SuiteRunner.runTest(SuiteRunner.java:334)
	at org.testng.SuiteRunner.access$000(SuiteRunner.java:37)
	at org.testng.SuiteRunner$SuiteWorker.run(SuiteRunner.java:368)
	at org.testng.internal.thread.ThreadUtil$2.call(ThreadUtil.java:64)
	at java.util.concurrent.FutureTask.run(FutureTask.java:262)
	at java.util.concurrent.ThreadPoolExecutor.runWorker(ThreadPoolExecutor.java:1145)
	at java.util.concurrent.ThreadPoolExecutor$Worker.run(ThreadPoolExecutor.java:615)
	at java.lang.Thread.run(Thread.java:744)
</pre></div></td>
<td>3</td>
<td>com.naver.main.kin.s03_새질문.suite_01_새질문_하위메뉴_Test@327cee</td></tr>
<tr>
<td title='com.naver.main.kin.s03_새질문.suite_01_새질문_하위메뉴_Test.TC_09_새질문_관심지역_전체_Test()'><b>TC_09_새질문_관심지역_전체_Test</b><br>Test class: com.naver.main.kin.s03_새질문.suite_01_새질문_하위메뉴_Test</td>
<td><div><pre>org.openqa.selenium.TimeoutException: Timed out after 30 seconds waiting for presence of element located by: By.id: choose_directory_manual
Build info: version: &apos;2.32.0&apos;, revision: &apos;6c40c18&apos;, time: &apos;2013-04-09 17:23:04&apos;
System info: os.name: &apos;Windows 7&apos;, os.arch: &apos;x86&apos;, os.version: &apos;6.1&apos;, java.version: &apos;1.7.0_45&apos;
Driver info: driver.version: unknown
	at org.openqa.selenium.support.ui.FluentWait.timeoutException(FluentWait.java:259)
	at org.openqa.selenium.support.ui.FluentWait.until(FluentWait.java:228)
	at com.naver.main.Utilities.waitForIsElementPresent(Utilities.java:341)
	at com.naver.main.Utilities.selectAndWait(Utilities.java:508)
	at com.naver.main.kin.s03_새질문.suite_01_새질문_하위메뉴_Test.TC_09_새질문_관심지역_전체_Test(suite_01_새질문_하위메뉴_Test.java:248)
	at java.util.concurrent.FutureTask.run(FutureTask.java:262)
	at java.util.concurrent.ThreadPoolExecutor.runWorker(ThreadPoolExecutor.java:1145)
	at java.util.concurrent.ThreadPoolExecutor$Worker.run(ThreadPoolExecutor.java:615)
	at java.lang.Thread.run(Thread.java:744)
Caused by: org.openqa.selenium.NoSuchElementException: Could not find element with id: choose_directory_manual
For documentation on this error, please visit: http://seleniumhq.org/exceptions/no_such_element.html
Build info: version: &apos;unknown&apos;, revision: &apos;unknown&apos;, time: &apos;unknown&apos;
System info: os.name: &apos;Linux&apos;, os.arch: &apos;armv7l&apos;, os.version: &apos;3.0.31-2029580&apos;, java.version: &apos;0&apos;
Driver info: driver.version: EventFiringWebDriver
Command duration or timeout: 140 milliseconds
For documentation on this error, please visit: http://seleniumhq.org/exceptions/no_such_element.html
Build info: version: &apos;2.32.0&apos;, revision: &apos;6c40c18&apos;, time: &apos;2013-04-09 17:23:04&apos;
System info: os.name: &apos;Windows 7&apos;, os.arch: &apos;x86&apos;, os.version: &apos;6.1&apos;, java.version: &apos;1.7.0_45&apos;
Session ID: 1407927042902
Driver info: com.naver.main.Utilities
Capabilities [{platform=ANDROID, acceptSslCerts=true, javascriptEnabled=true, handlesAlerts=true, browserName=android, browserConnectionEnabled=true, webStorageEnabled=true, rotatable=true, locationContextEnabled=true, applicationCacheEnabled=true, webdriver.remote.sessionid=1407927042902, takesScreenshot=true, version=19}]
	at org.openqa.selenium.remote.ErrorHandler.createThrowable(ErrorHandler.java:187)
	at org.openqa.selenium.remote.ErrorHandler.throwIfResponseFailed(ErrorHandler.java:145)
	at org.openqa.selenium.remote.RemoteWebDriver.execute(RemoteWebDriver.java:554)
	at org.openqa.selenium.remote.RemoteWebDriver.findElement(RemoteWebDriver.java:307)
	at org.openqa.selenium.remote.RemoteWebDriver.findElementById(RemoteWebDriver.java:348)
	at org.openqa.selenium.By$ById.findElement(By.java:216)
	at org.openqa.selenium.remote.RemoteWebDriver.findElement(RemoteWebDriver.java:299)
	at org.openqa.selenium.support.ui.ExpectedConditions.findElement(ExpectedConditions.java:523)
	at org.openqa.selenium.support.ui.ExpectedConditions.access$0(ExpectedConditions.java:521)
	at org.openqa.selenium.support.ui.ExpectedConditions$3.apply(ExpectedConditions.java:106)
	at org.openqa.selenium.support.ui.ExpectedConditions$3.apply(ExpectedConditions.java:1)
	at org.openqa.selenium.support.ui.FluentWait.until(FluentWait.java:208)
	... 23 more
Caused by: org.openqa.selenium.NoSuchElementException: Could not find element with id: choose_directory_manual
For documentation on this error, please visit: http://seleniumhq.org/exceptions/no_such_element.html
Build info: version: &apos;unknown&apos;, revision: &apos;unknown&apos;, time: &apos;unknown&apos;
System info: os.name: &apos;Linux&apos;, os.arch: &apos;armv7l&apos;, os.version: &apos;3.0.31-2029580&apos;, java.version: &apos;0&apos;
Driver info: driver.version: EventFiringWebDriver
For documentation on this error, please visit: http://seleniumhq.org/exceptions/no_such_element.html
Build info: version: &apos;2.32.0&apos;, revision: &apos;6c40c18&apos;, time: &apos;2013-04-09 17:23:04&apos;
System info: os.name: &apos;Windows 7&apos;, os.arch: &apos;x86&apos;, os.version: &apos;6.1&apos;, java.version: &apos;1.7.0_45&apos;
Driver info: driver.version: EventFiringWebDriver
	at org.openqa.selenium.android.library.AndroidWebElement.lookupElement(AndroidWebElement.java:351)
	at org.openqa.selenium.android.library.AndroidWebElement.access$1(AndroidWebElement.java:340)
	at org.openqa.selenium.android.library.AndroidWebElement$FindByImpl.findElementById(AndroidWebElement.java:254)
	at org.openqa.selenium.android.library.AndroidWebDriver$AndroidFindBy.findElementById(AndroidWebDriver.java:568)
	at org.openqa.selenium.By$ById.findElement(By.java:216)
	at org.openqa.selenium.android.library.AndroidWebDriver.findElement(AndroidWebDriver.java:507)
	at org.openqa.selenium.android.AndroidApkDriver.findElement(AndroidApkDriver.java:70)
	at org.openqa.selenium.support.events.EventFiringWebDriver$2.invoke(EventFiringWebDriver.java:102)
	at $Proxy1.findElement(Native Method)
	at org.openqa.selenium.support.events.EventFiringWebDriver.findElement(EventFiringWebDriver.java:181)
	at org.openqa.selenium.remote.server.handler.FindElement.call(FindElement.java:48)
	at org.openqa.selenium.remote.server.handler.FindElement.call(FindElement.java:1)
	at java.util.concurrent.FutureTask.run(FutureTask.java:237)
	at org.openqa.selenium.remote.server.DefaultSession$1.run(DefaultSession.java:151)
	at java.util.concurrent.ThreadPoolExecutor.runWorker(ThreadPoolExecutor.java:1112)
	at java.util.concurrent.ThreadPoolExecutor$Worker.run(ThreadPoolExecutor.java:587)
	at java.lang.Thread.run(Thread.java:841)
... Removed 21 stack frames</pre></div><a href='#' onClick='toggleBox("stack-trace2422910", this, "Click to show all stack frames", "Click to hide stack frames")'>Click to show all stack frames</a>
<div class='stack-trace' id='stack-trace2422910'><pre>org.openqa.selenium.TimeoutException: Timed out after 30 seconds waiting for presence of element located by: By.id: choose_directory_manual
Build info: version: &apos;2.32.0&apos;, revision: &apos;6c40c18&apos;, time: &apos;2013-04-09 17:23:04&apos;
System info: os.name: &apos;Windows 7&apos;, os.arch: &apos;x86&apos;, os.version: &apos;6.1&apos;, java.version: &apos;1.7.0_45&apos;
Driver info: driver.version: unknown
	at org.openqa.selenium.support.ui.FluentWait.timeoutException(FluentWait.java:259)
	at org.openqa.selenium.support.ui.FluentWait.until(FluentWait.java:228)
	at com.naver.main.Utilities.waitForIsElementPresent(Utilities.java:341)
	at com.naver.main.Utilities.selectAndWait(Utilities.java:508)
	at com.naver.main.kin.s03_새질문.suite_01_새질문_하위메뉴_Test.TC_09_새질문_관심지역_전체_Test(suite_01_새질문_하위메뉴_Test.java:248)
	at sun.reflect.NativeMethodAccessorImpl.invoke0(Native Method)
	at sun.reflect.NativeMethodAccessorImpl.invoke(NativeMethodAccessorImpl.java:57)
	at sun.reflect.DelegatingMethodAccessorImpl.invoke(DelegatingMethodAccessorImpl.java:43)
	at java.lang.reflect.Method.invoke(Method.java:606)
	at org.testng.internal.MethodInvocationHelper.invokeMethod(MethodInvocationHelper.java:84)
	at org.testng.internal.Invoker.invokeMethod(Invoker.java:714)
	at org.testng.internal.Invoker.invokeTestMethod(Invoker.java:901)
	at org.testng.internal.Invoker.invokeTestMethods(Invoker.java:1231)
	at org.testng.internal.TestMethodWorker.invokeTestMethods(TestMethodWorker.java:127)
	at org.testng.internal.TestMethodWorker.run(TestMethodWorker.java:111)
	at org.testng.TestRunner.privateRun(TestRunner.java:767)
	at org.testng.TestRunner.run(TestRunner.java:617)
	at org.testng.SuiteRunner.runTest(SuiteRunner.java:334)
	at org.testng.SuiteRunner.access$000(SuiteRunner.java:37)
	at org.testng.SuiteRunner$SuiteWorker.run(SuiteRunner.java:368)
	at org.testng.internal.thread.ThreadUtil$2.call(ThreadUtil.java:64)
	at java.util.concurrent.FutureTask.run(FutureTask.java:262)
	at java.util.concurrent.ThreadPoolExecutor.runWorker(ThreadPoolExecutor.java:1145)
	at java.util.concurrent.ThreadPoolExecutor$Worker.run(ThreadPoolExecutor.java:615)
	at java.lang.Thread.run(Thread.java:744)
Caused by: org.openqa.selenium.NoSuchElementException: Could not find element with id: choose_directory_manual
For documentation on this error, please visit: http://seleniumhq.org/exceptions/no_such_element.html
Build info: version: &apos;unknown&apos;, revision: &apos;unknown&apos;, time: &apos;unknown&apos;
System info: os.name: &apos;Linux&apos;, os.arch: &apos;armv7l&apos;, os.version: &apos;3.0.31-2029580&apos;, java.version: &apos;0&apos;
Driver info: driver.version: EventFiringWebDriver
Command duration or timeout: 140 milliseconds
For documentation on this error, please visit: http://seleniumhq.org/exceptions/no_such_element.html
Build info: version: &apos;2.32.0&apos;, revision: &apos;6c40c18&apos;, time: &apos;2013-04-09 17:23:04&apos;
System info: os.name: &apos;Windows 7&apos;, os.arch: &apos;x86&apos;, os.version: &apos;6.1&apos;, java.version: &apos;1.7.0_45&apos;
Session ID: 1407927042902
Driver info: com.naver.main.Utilities
Capabilities [{platform=ANDROID, acceptSslCerts=true, javascriptEnabled=true, handlesAlerts=true, browserName=android, browserConnectionEnabled=true, webStorageEnabled=true, rotatable=true, locationContextEnabled=true, applicationCacheEnabled=true, webdriver.remote.sessionid=1407927042902, takesScreenshot=true, version=19}]
	at sun.reflect.GeneratedConstructorAccessor12.newInstance(Unknown Source)
	at sun.reflect.DelegatingConstructorAccessorImpl.newInstance(DelegatingConstructorAccessorImpl.java:45)
	at java.lang.reflect.Constructor.newInstance(Constructor.java:526)
	at org.openqa.selenium.remote.ErrorHandler.createThrowable(ErrorHandler.java:187)
	at org.openqa.selenium.remote.ErrorHandler.throwIfResponseFailed(ErrorHandler.java:145)
	at org.openqa.selenium.remote.RemoteWebDriver.execute(RemoteWebDriver.java:554)
	at org.openqa.selenium.remote.RemoteWebDriver.findElement(RemoteWebDriver.java:307)
	at org.openqa.selenium.remote.RemoteWebDriver.findElementById(RemoteWebDriver.java:348)
	at org.openqa.selenium.By$ById.findElement(By.java:216)
	at org.openqa.selenium.remote.RemoteWebDriver.findElement(RemoteWebDriver.java:299)
	at org.openqa.selenium.support.ui.ExpectedConditions.findElement(ExpectedConditions.java:523)
	at org.openqa.selenium.support.ui.ExpectedConditions.access$0(ExpectedConditions.java:521)
	at org.openqa.selenium.support.ui.ExpectedConditions$3.apply(ExpectedConditions.java:106)
	at org.openqa.selenium.support.ui.ExpectedConditions$3.apply(ExpectedConditions.java:1)
	at org.openqa.selenium.support.ui.FluentWait.until(FluentWait.java:208)
	... 23 more
Caused by: org.openqa.selenium.NoSuchElementException: Could not find element with id: choose_directory_manual
For documentation on this error, please visit: http://seleniumhq.org/exceptions/no_such_element.html
Build info: version: &apos;unknown&apos;, revision: &apos;unknown&apos;, time: &apos;unknown&apos;
System info: os.name: &apos;Linux&apos;, os.arch: &apos;armv7l&apos;, os.version: &apos;3.0.31-2029580&apos;, java.version: &apos;0&apos;
Driver info: driver.version: EventFiringWebDriver
For documentation on this error, please visit: http://seleniumhq.org/exceptions/no_such_element.html
Build info: version: &apos;2.32.0&apos;, revision: &apos;6c40c18&apos;, time: &apos;2013-04-09 17:23:04&apos;
System info: os.name: &apos;Windows 7&apos;, os.arch: &apos;x86&apos;, os.version: &apos;6.1&apos;, java.version: &apos;1.7.0_45&apos;
Driver info: driver.version: EventFiringWebDriver
	at org.openqa.selenium.android.library.AndroidWebElement.lookupElement(AndroidWebElement.java:351)
	at org.openqa.selenium.android.library.AndroidWebElement.access$1(AndroidWebElement.java:340)
	at org.openqa.selenium.android.library.AndroidWebElement$FindByImpl.findElementById(AndroidWebElement.java:254)
	at org.openqa.selenium.android.library.AndroidWebDriver$AndroidFindBy.findElementById(AndroidWebDriver.java:568)
	at org.openqa.selenium.By$ById.findElement(By.java:216)
	at org.openqa.selenium.android.library.AndroidWebDriver.findElement(AndroidWebDriver.java:507)
	at org.openqa.selenium.android.AndroidApkDriver.findElement(AndroidApkDriver.java:70)
	at java.lang.reflect.Method.invokeNative(Native Method)
	at java.lang.reflect.Method.invoke(Method.java:515)
	at org.openqa.selenium.support.events.EventFiringWebDriver$2.invoke(EventFiringWebDriver.java:102)
	at $Proxy1.findElement(Native Method)
	at org.openqa.selenium.support.events.EventFiringWebDriver.findElement(EventFiringWebDriver.java:181)
	at org.openqa.selenium.remote.server.handler.FindElement.call(FindElement.java:48)
	at org.openqa.selenium.remote.server.handler.FindElement.call(FindElement.java:1)
	at java.util.concurrent.FutureTask.run(FutureTask.java:237)
	at org.openqa.selenium.remote.server.DefaultSession$1.run(DefaultSession.java:151)
	at java.util.concurrent.ThreadPoolExecutor.runWorker(ThreadPoolExecutor.java:1112)
	at java.util.concurrent.ThreadPoolExecutor$Worker.run(ThreadPoolExecutor.java:587)
	at java.lang.Thread.run(Thread.java:841)
</pre></div></td>
<td>30</td>
<td>com.naver.main.kin.s03_새질문.suite_01_새질문_하위메뉴_Test@327cee</td></tr>
<tr>
<td title='com.naver.main.kin.s03_새질문.suite_01_새질문_하위메뉴_Test.TC_10_새질문_관심지역_설정_Test()'><b>TC_10_새질문_관심지역_설정_Test</b><br>Test class: com.naver.main.kin.s03_새질문.suite_01_새질문_하위메뉴_Test</td>
<td><div><pre>org.openqa.selenium.TimeoutException: Timed out after 30 seconds waiting for element to be clickable: By.className: set
Build info: version: &apos;2.32.0&apos;, revision: &apos;6c40c18&apos;, time: &apos;2013-04-09 17:23:04&apos;
System info: os.name: &apos;Windows 7&apos;, os.arch: &apos;x86&apos;, os.version: &apos;6.1&apos;, java.version: &apos;1.7.0_45&apos;
Driver info: driver.version: unknown
	at org.openqa.selenium.support.ui.FluentWait.timeoutException(FluentWait.java:259)
	at org.openqa.selenium.support.ui.FluentWait.until(FluentWait.java:228)
	at com.naver.main.Utilities.clickAndWait(Utilities.java:448)
	at com.naver.main.kin.s03_새질문.suite_01_새질문_하위메뉴_Test.TC_10_새질문_관심지역_설정_Test(suite_01_새질문_하위메뉴_Test.java:263)
	at java.util.concurrent.FutureTask.run(FutureTask.java:262)
	at java.util.concurrent.ThreadPoolExecutor.runWorker(ThreadPoolExecutor.java:1145)
	at java.util.concurrent.ThreadPoolExecutor$Worker.run(ThreadPoolExecutor.java:615)
	at java.lang.Thread.run(Thread.java:744)
Caused by: org.openqa.selenium.NoSuchElementException: Could not find element with className: set
For documentation on this error, please visit: http://seleniumhq.org/exceptions/no_such_element.html
Build info: version: &apos;unknown&apos;, revision: &apos;unknown&apos;, time: &apos;unknown&apos;
System info: os.name: &apos;Linux&apos;, os.arch: &apos;armv7l&apos;, os.version: &apos;3.0.31-2029580&apos;, java.version: &apos;0&apos;
Driver info: driver.version: EventFiringWebDriver
Command duration or timeout: 132 milliseconds
For documentation on this error, please visit: http://seleniumhq.org/exceptions/no_such_element.html
Build info: version: &apos;2.32.0&apos;, revision: &apos;6c40c18&apos;, time: &apos;2013-04-09 17:23:04&apos;
System info: os.name: &apos;Windows 7&apos;, os.arch: &apos;x86&apos;, os.version: &apos;6.1&apos;, java.version: &apos;1.7.0_45&apos;
Session ID: 1407927042902
Driver info: com.naver.main.Utilities
Capabilities [{platform=ANDROID, acceptSslCerts=true, javascriptEnabled=true, handlesAlerts=true, browserName=android, browserConnectionEnabled=true, webStorageEnabled=true, rotatable=true, locationContextEnabled=true, applicationCacheEnabled=true, webdriver.remote.sessionid=1407927042902, takesScreenshot=true, version=19}]
	at org.openqa.selenium.remote.ErrorHandler.createThrowable(ErrorHandler.java:187)
	at org.openqa.selenium.remote.ErrorHandler.throwIfResponseFailed(ErrorHandler.java:145)
	at org.openqa.selenium.remote.RemoteWebDriver.execute(RemoteWebDriver.java:554)
	at org.openqa.selenium.remote.RemoteWebDriver.findElement(RemoteWebDriver.java:307)
	at org.openqa.selenium.remote.RemoteWebDriver.findElementByClassName(RemoteWebDriver.java:388)
	at org.openqa.selenium.By$ByClassName.findElement(By.java:371)
	at org.openqa.selenium.remote.RemoteWebDriver.findElement(RemoteWebDriver.java:299)
	at org.openqa.selenium.support.ui.ExpectedConditions.findElement(ExpectedConditions.java:523)
	at org.openqa.selenium.support.ui.ExpectedConditions.access$0(ExpectedConditions.java:521)
	at org.openqa.selenium.support.ui.ExpectedConditions$4.apply(ExpectedConditions.java:130)
	at org.openqa.selenium.support.ui.ExpectedConditions$4.apply(ExpectedConditions.java:1)
	at org.openqa.selenium.support.ui.ExpectedConditions$12.apply(ExpectedConditions.java:355)
	at org.openqa.selenium.support.ui.ExpectedConditions$12.apply(ExpectedConditions.java:1)
	at org.openqa.selenium.support.ui.FluentWait.until(FluentWait.java:208)
	... 22 more
Caused by: org.openqa.selenium.NoSuchElementException: Could not find element with className: set
For documentation on this error, please visit: http://seleniumhq.org/exceptions/no_such_element.html
Build info: version: &apos;unknown&apos;, revision: &apos;unknown&apos;, time: &apos;unknown&apos;
System info: os.name: &apos;Linux&apos;, os.arch: &apos;armv7l&apos;, os.version: &apos;3.0.31-2029580&apos;, java.version: &apos;0&apos;
Driver info: driver.version: EventFiringWebDriver
For documentation on this error, please visit: http://seleniumhq.org/exceptions/no_such_element.html
Build info: version: &apos;2.32.0&apos;, revision: &apos;6c40c18&apos;, time: &apos;2013-04-09 17:23:04&apos;
System info: os.name: &apos;Windows 7&apos;, os.arch: &apos;x86&apos;, os.version: &apos;6.1&apos;, java.version: &apos;1.7.0_45&apos;
Driver info: driver.version: EventFiringWebDriver
	at org.openqa.selenium.android.library.AndroidWebElement.lookupElement(AndroidWebElement.java:351)
	at org.openqa.selenium.android.library.AndroidWebElement.access$1(AndroidWebElement.java:340)
	at org.openqa.selenium.android.library.AndroidWebElement$FindByImpl.findElementByClassName(AndroidWebElement.java:310)
	at org.openqa.selenium.android.library.AndroidWebDriver$AndroidFindBy.findElementByClassName(AndroidWebDriver.java:616)
	at org.openqa.selenium.By$ByClassName.findElement(By.java:371)
	at org.openqa.selenium.android.library.AndroidWebDriver.findElement(AndroidWebDriver.java:507)
	at org.openqa.selenium.android.AndroidApkDriver.findElement(AndroidApkDriver.java:70)
	at org.openqa.selenium.support.events.EventFiringWebDriver$2.invoke(EventFiringWebDriver.java:102)
	at $Proxy1.findElement(Native Method)
	at org.openqa.selenium.support.events.EventFiringWebDriver.findElement(EventFiringWebDriver.java:181)
	at org.openqa.selenium.remote.server.handler.FindElement.call(FindElement.java:48)
	at org.openqa.selenium.remote.server.handler.FindElement.call(FindElement.java:1)
	at java.util.concurrent.FutureTask.run(FutureTask.java:237)
	at org.openqa.selenium.remote.server.DefaultSession$1.run(DefaultSession.java:151)
	at java.util.concurrent.ThreadPoolExecutor.runWorker(ThreadPoolExecutor.java:1112)
	at java.util.concurrent.ThreadPoolExecutor$Worker.run(ThreadPoolExecutor.java:587)
	at java.lang.Thread.run(Thread.java:841)
... Removed 21 stack frames</pre></div><a href='#' onClick='toggleBox("stack-trace14495535", this, "Click to show all stack frames", "Click to hide stack frames")'>Click to show all stack frames</a>
<div class='stack-trace' id='stack-trace14495535'><pre>org.openqa.selenium.TimeoutException: Timed out after 30 seconds waiting for element to be clickable: By.className: set
Build info: version: &apos;2.32.0&apos;, revision: &apos;6c40c18&apos;, time: &apos;2013-04-09 17:23:04&apos;
System info: os.name: &apos;Windows 7&apos;, os.arch: &apos;x86&apos;, os.version: &apos;6.1&apos;, java.version: &apos;1.7.0_45&apos;
Driver info: driver.version: unknown
	at org.openqa.selenium.support.ui.FluentWait.timeoutException(FluentWait.java:259)
	at org.openqa.selenium.support.ui.FluentWait.until(FluentWait.java:228)
	at com.naver.main.Utilities.clickAndWait(Utilities.java:448)
	at com.naver.main.kin.s03_새질문.suite_01_새질문_하위메뉴_Test.TC_10_새질문_관심지역_설정_Test(suite_01_새질문_하위메뉴_Test.java:263)
	at sun.reflect.NativeMethodAccessorImpl.invoke0(Native Method)
	at sun.reflect.NativeMethodAccessorImpl.invoke(NativeMethodAccessorImpl.java:57)
	at sun.reflect.DelegatingMethodAccessorImpl.invoke(DelegatingMethodAccessorImpl.java:43)
	at java.lang.reflect.Method.invoke(Method.java:606)
	at org.testng.internal.MethodInvocationHelper.invokeMethod(MethodInvocationHelper.java:84)
	at org.testng.internal.Invoker.invokeMethod(Invoker.java:714)
	at org.testng.internal.Invoker.invokeTestMethod(Invoker.java:901)
	at org.testng.internal.Invoker.invokeTestMethods(Invoker.java:1231)
	at org.testng.internal.TestMethodWorker.invokeTestMethods(TestMethodWorker.java:127)
	at org.testng.internal.TestMethodWorker.run(TestMethodWorker.java:111)
	at org.testng.TestRunner.privateRun(TestRunner.java:767)
	at org.testng.TestRunner.run(TestRunner.java:617)
	at org.testng.SuiteRunner.runTest(SuiteRunner.java:334)
	at org.testng.SuiteRunner.access$000(SuiteRunner.java:37)
	at org.testng.SuiteRunner$SuiteWorker.run(SuiteRunner.java:368)
	at org.testng.internal.thread.ThreadUtil$2.call(ThreadUtil.java:64)
	at java.util.concurrent.FutureTask.run(FutureTask.java:262)
	at java.util.concurrent.ThreadPoolExecutor.runWorker(ThreadPoolExecutor.java:1145)
	at java.util.concurrent.ThreadPoolExecutor$Worker.run(ThreadPoolExecutor.java:615)
	at java.lang.Thread.run(Thread.java:744)
Caused by: org.openqa.selenium.NoSuchElementException: Could not find element with className: set
For documentation on this error, please visit: http://seleniumhq.org/exceptions/no_such_element.html
Build info: version: &apos;unknown&apos;, revision: &apos;unknown&apos;, time: &apos;unknown&apos;
System info: os.name: &apos;Linux&apos;, os.arch: &apos;armv7l&apos;, os.version: &apos;3.0.31-2029580&apos;, java.version: &apos;0&apos;
Driver info: driver.version: EventFiringWebDriver
Command duration or timeout: 132 milliseconds
For documentation on this error, please visit: http://seleniumhq.org/exceptions/no_such_element.html
Build info: version: &apos;2.32.0&apos;, revision: &apos;6c40c18&apos;, time: &apos;2013-04-09 17:23:04&apos;
System info: os.name: &apos;Windows 7&apos;, os.arch: &apos;x86&apos;, os.version: &apos;6.1&apos;, java.version: &apos;1.7.0_45&apos;
Session ID: 1407927042902
Driver info: com.naver.main.Utilities
Capabilities [{platform=ANDROID, acceptSslCerts=true, javascriptEnabled=true, handlesAlerts=true, browserName=android, browserConnectionEnabled=true, webStorageEnabled=true, rotatable=true, locationContextEnabled=true, applicationCacheEnabled=true, webdriver.remote.sessionid=1407927042902, takesScreenshot=true, version=19}]
	at sun.reflect.GeneratedConstructorAccessor12.newInstance(Unknown Source)
	at sun.reflect.DelegatingConstructorAccessorImpl.newInstance(DelegatingConstructorAccessorImpl.java:45)
	at java.lang.reflect.Constructor.newInstance(Constructor.java:526)
	at org.openqa.selenium.remote.ErrorHandler.createThrowable(ErrorHandler.java:187)
	at org.openqa.selenium.remote.ErrorHandler.throwIfResponseFailed(ErrorHandler.java:145)
	at org.openqa.selenium.remote.RemoteWebDriver.execute(RemoteWebDriver.java:554)
	at org.openqa.selenium.remote.RemoteWebDriver.findElement(RemoteWebDriver.java:307)
	at org.openqa.selenium.remote.RemoteWebDriver.findElementByClassName(RemoteWebDriver.java:388)
	at org.openqa.selenium.By$ByClassName.findElement(By.java:371)
	at org.openqa.selenium.remote.RemoteWebDriver.findElement(RemoteWebDriver.java:299)
	at org.openqa.selenium.support.ui.ExpectedConditions.findElement(ExpectedConditions.java:523)
	at org.openqa.selenium.support.ui.ExpectedConditions.access$0(ExpectedConditions.java:521)
	at org.openqa.selenium.support.ui.ExpectedConditions$4.apply(ExpectedConditions.java:130)
	at org.openqa.selenium.support.ui.ExpectedConditions$4.apply(ExpectedConditions.java:1)
	at org.openqa.selenium.support.ui.ExpectedConditions$12.apply(ExpectedConditions.java:355)
	at org.openqa.selenium.support.ui.ExpectedConditions$12.apply(ExpectedConditions.java:1)
	at org.openqa.selenium.support.ui.FluentWait.until(FluentWait.java:208)
	... 22 more
Caused by: org.openqa.selenium.NoSuchElementException: Could not find element with className: set
For documentation on this error, please visit: http://seleniumhq.org/exceptions/no_such_element.html
Build info: version: &apos;unknown&apos;, revision: &apos;unknown&apos;, time: &apos;unknown&apos;
System info: os.name: &apos;Linux&apos;, os.arch: &apos;armv7l&apos;, os.version: &apos;3.0.31-2029580&apos;, java.version: &apos;0&apos;
Driver info: driver.version: EventFiringWebDriver
For documentation on this error, please visit: http://seleniumhq.org/exceptions/no_such_element.html
Build info: version: &apos;2.32.0&apos;, revision: &apos;6c40c18&apos;, time: &apos;2013-04-09 17:23:04&apos;
System info: os.name: &apos;Windows 7&apos;, os.arch: &apos;x86&apos;, os.version: &apos;6.1&apos;, java.version: &apos;1.7.0_45&apos;
Driver info: driver.version: EventFiringWebDriver
	at org.openqa.selenium.android.library.AndroidWebElement.lookupElement(AndroidWebElement.java:351)
	at org.openqa.selenium.android.library.AndroidWebElement.access$1(AndroidWebElement.java:340)
	at org.openqa.selenium.android.library.AndroidWebElement$FindByImpl.findElementByClassName(AndroidWebElement.java:310)
	at org.openqa.selenium.android.library.AndroidWebDriver$AndroidFindBy.findElementByClassName(AndroidWebDriver.java:616)
	at org.openqa.selenium.By$ByClassName.findElement(By.java:371)
	at org.openqa.selenium.android.library.AndroidWebDriver.findElement(AndroidWebDriver.java:507)
	at org.openqa.selenium.android.AndroidApkDriver.findElement(AndroidApkDriver.java:70)
	at java.lang.reflect.Method.invokeNative(Native Method)
	at java.lang.reflect.Method.invoke(Method.java:515)
	at org.openqa.selenium.support.events.EventFiringWebDriver$2.invoke(EventFiringWebDriver.java:102)
	at $Proxy1.findElement(Native Method)
	at org.openqa.selenium.support.events.EventFiringWebDriver.findElement(EventFiringWebDriver.java:181)
	at org.openqa.selenium.remote.server.handler.FindElement.call(FindElement.java:48)
	at org.openqa.selenium.remote.server.handler.FindElement.call(FindElement.java:1)
	at java.util.concurrent.FutureTask.run(FutureTask.java:237)
	at org.openqa.selenium.remote.server.DefaultSession$1.run(DefaultSession.java:151)
	at java.util.concurrent.ThreadPoolExecutor.runWorker(ThreadPoolExecutor.java:1112)
	at java.util.concurrent.ThreadPoolExecutor$Worker.run(ThreadPoolExecutor.java:587)
	at java.lang.Thread.run(Thread.java:841)
</pre></div></td>
<td>30</td>
<td>com.naver.main.kin.s03_새질문.suite_01_새질문_하위메뉴_Test@327cee</td></tr>
</table><p>
<table width='100%' border='1' class='invocation-passed'>
<tr><td colspan='4' align='center'><b>PASSED TESTS</b></td></tr>
<tr><td><b>Test method</b></td>
<td width="30%"><b>Exception</b></td>
<td width="10%"><b>Time (seconds)</b></td>
<td><b>Instance</b></td>
</tr>
<tr>
<td title='com.naver.main.kin.s03_새질문.suite_01_새질문_하위메뉴_Test.TC_01_새질문__관심탭_전체_Test()'><b>TC_01_새질문__관심탭_전체_Test</b><br>Test class: com.naver.main.kin.s03_새질문.suite_01_새질문_하위메뉴_Test<br/>
<a href="#Output-13634852" onClick='toggleBox("Output-13634852", this, "Show output", "Hide output");'>Show output</a>

<a href="#Output-13634852" onClick="toggleAllBoxes();">Show all outputs</a>
<div class='log' id="Output-13634852">
[Title] : 전체 : 지식iN<br><br/>
[URL] : http://qa.m.kin.naver.com/mobile/qna/questionList.nhn#%7B%22dirId%22%3A0%2C%22sortType%22%3A%22writeTime%22%7D<br><br/>
</div>
</td>
<td></td>
<td>7</td>
<td>com.naver.main.kin.s03_새질문.suite_01_새질문_하위메뉴_Test@327cee</td></tr>
<tr>
<td title='com.naver.main.kin.s03_새질문.suite_01_새질문_하위메뉴_Test.TC_02_새질문_관심탭_관심지역_Test()'><b>TC_02_새질문_관심탭_관심지역_Test</b><br>Test class: com.naver.main.kin.s03_새질문.suite_01_새질문_하위메뉴_Test<br/>
<a href="#Output-10536243" onClick='toggleBox("Output-10536243", this, "Show output", "Hide output");'>Show output</a>

<a href="#Output-10536243" onClick="toggleAllBoxes();">Show all outputs</a>
<div class='log' id="Output-10536243">
[Title] : 관심지역 : 지식iN<br><br/>
[URL] : http://qa.m.kin.naver.com/mobile/qna/localQuestionList.nhn<br><br/>
</div>
</td>
<td></td>
<td>2</td>
<td>com.naver.main.kin.s03_새질문.suite_01_새질문_하위메뉴_Test@327cee</td></tr>
<tr>
<td title='com.naver.main.kin.s03_새질문.suite_01_새질문_하위메뉴_Test.TC_03_새질문_관심탭_관심키워드_Test()'><b>TC_03_새질문_관심탭_관심키워드_Test</b><br>Test class: com.naver.main.kin.s03_새질문.suite_01_새질문_하위메뉴_Test<br/>
<a href="#Output-16688154" onClick='toggleBox("Output-16688154", this, "Show output", "Hide output");'>Show output</a>

<a href="#Output-16688154" onClick="toggleAllBoxes();">Show all outputs</a>
<div class='log' id="Output-16688154">
[Title] : 관심키워드 : 지식iN<br><br/>
[URL] : http://qa.m.kin.naver.com/mobile/qna/keywordQuestionList.nhn#%7B%22keyword%22%3A%22%22%2C%22encodedTotalKeywords%22%3A%22%22%2C%22sortType%22%3A%22date%22%7D<br><br/>
</div>
</td>
<td></td>
<td>2</td>
<td>com.naver.main.kin.s03_새질문.suite_01_새질문_하위메뉴_Test@327cee</td></tr>
<tr>
<td title='com.naver.main.kin.s03_새질문.suite_01_새질문_하위메뉴_Test.TC_04_새질문_관심탭_전체_Test()'><b>TC_04_새질문_관심탭_전체_Test</b><br>Test class: com.naver.main.kin.s03_새질문.suite_01_새질문_하위메뉴_Test<br/>
<a href="#Output-21803422" onClick='toggleBox("Output-21803422", this, "Show output", "Hide output");'>Show output</a>

<a href="#Output-21803422" onClick="toggleAllBoxes();">Show all outputs</a>
<div class='log' id="Output-21803422">
[Title] : 관심분야 : 지식iN<br><br/>
[URL] : http://qa.m.kin.naver.com/mobile/qna/directoryQuestionList.nhn#%7B%22dirId%22%3A0%2C%22sortType%22%3A%22writeTime%22%7D<br><br/>
</div>
</td>
<td></td>
<td>2</td>
<td>com.naver.main.kin.s03_새질문.suite_01_새질문_하위메뉴_Test@327cee</td></tr>
<tr>
<td title='com.naver.main.kin.s03_새질문.suite_01_새질문_하위메뉴_Test.TC_06_새질문_관심분야_설정_Test()'><b>TC_06_새질문_관심분야_설정_Test</b><br>Test class: com.naver.main.kin.s03_새질문.suite_01_새질문_하위메뉴_Test<br/>
<a href="#Output-28562547" onClick='toggleBox("Output-28562547", this, "Show output", "Hide output");'>Show output</a>

<a href="#Output-28562547" onClick="toggleAllBoxes();">Show all outputs</a>
<div class='log' id="Output-28562547">
[Title] : 관심분야 : 지식iN<br><br/>
[URL] : http://qa.m.kin.naver.com/mobile/qna/userInterestDirs.nhn<br><br/>
</div>
</td>
<td></td>
<td>4</td>
<td>com.naver.main.kin.s03_새질문.suite_01_새질문_하위메뉴_Test@327cee</td></tr>
<tr>
<td title='com.naver.main.kin.s03_새질문.suite_01_새질문_하위메뉴_Test.TC_06_새질문_전체_펼치기_Test()'><b>TC_06_새질문_전체_펼치기_Test</b><br>Test class: com.naver.main.kin.s03_새질문.suite_01_새질문_하위메뉴_Test</td>
<td></td>
<td>0</td>
<td>com.naver.main.kin.s03_새질문.suite_01_새질문_하위메뉴_Test@327cee</td></tr>
<tr>
<td title='com.naver.main.kin.s03_새질문.suite_01_새질문_하위메뉴_Test.TC_07_내소식_TOP()'><b>TC_07_내소식_TOP</b><br>Test class: com.naver.main.kin.s03_새질문.suite_01_새질문_하위메뉴_Test</td>
<td></td>
<td>0</td>
<td>com.naver.main.kin.s03_새질문.suite_01_새질문_하위메뉴_Test@327cee</td></tr>
</table><p>
</body>
</html>