<?xml version="1.0" encoding="UTF-8"?>
<testng-results skipped="0" failed="5" total="12" passed="7">
  <reporter-output>
    <line>
      <![CDATA[[Title] : 전체 : 지식iN<br>]]>
    </line>
    <line>
      <![CDATA[[URL] : http://qa.m.kin.naver.com/mobile/qna/questionList.nhn#%7B%22dirId%22%3A0%2C%22sortType%22%3A%22writeTime%22%7D<br>]]>
    </line>
    <line>
      <![CDATA[[Title] : 관심지역 : 지식iN<br>]]>
    </line>
    <line>
      <![CDATA[[URL] : http://qa.m.kin.naver.com/mobile/qna/localQuestionList.nhn<br>]]>
    </line>
    <line>
      <![CDATA[[Title] : 관심키워드 : 지식iN<br>]]>
    </line>
    <line>
      <![CDATA[[URL] : http://qa.m.kin.naver.com/mobile/qna/keywordQuestionList.nhn#%7B%22keyword%22%3A%22%22%2C%22encodedTotalKeywords%22%3A%22%22%2C%22sortType%22%3A%22date%22%7D<br>]]>
    </line>
    <line>
      <![CDATA[[Title] : 관심분야 : 지식iN<br>]]>
    </line>
    <line>
      <![CDATA[[URL] : http://qa.m.kin.naver.com/mobile/qna/directoryQuestionList.nhn#%7B%22dirId%22%3A0%2C%22sortType%22%3A%22writeTime%22%7D<br>]]>
    </line>
    <line>
      <![CDATA[[Title] : 관심분야 : 지식iN<br>]]>
    </line>
    <line>
      <![CDATA[[URL] : http://qa.m.kin.naver.com/mobile/qna/userInterestDirs.nhn<br>]]>
    </line>
    <line>
      <![CDATA[[Title] : 관심분야 : 지식iN<br>]]>
    </line>
    <line>
      <![CDATA[[URL] : http://qa.m.kin.naver.com/mobile/qna/userInterestDirs.nhn<br>]]>
    </line>
  </reporter-output>
  <suite name="NaverMainMobileWeb Regression Test" duration-ms="166354" started-at="2014-08-13T12:56:36Z" finished-at="2014-08-13T12:59:23Z">
    <groups>
    </groups>
    <test name="galaxy_note2" duration-ms="166354" started-at="2014-08-13T12:56:36Z" finished-at="2014-08-13T12:59:23Z">
      <class name="com.naver.main.kin.s03_새질문.suite_01_새질문_하위메뉴_Test">
        <test-method status="PASS" signature="setupClass(java.lang.String)[pri:0, instance:com.naver.main.kin.s03_새질문.suite_01_새질문_하위메뉴_Test@327cee]" name="setupClass" is-config="true" duration-ms="19466" started-at="2014-08-13T21:56:36Z" finished-at="2014-08-13T21:56:56Z">
          <params>
            <param index="0">
              <value>
                <![CDATA[galaxy_note2]]>
              </value>
            </param>
          </params>
          <reporter-output>
          </reporter-output>
        </test-method> <!-- setupClass -->
        <test-method status="PASS" signature="TC_01_새질문__관심탭_전체_Test()[pri:0, instance:com.naver.main.kin.s03_새질문.suite_01_새질문_하위메뉴_Test@327cee]" name="TC_01_새질문__관심탭_전체_Test" duration-ms="7155" started-at="2014-08-13T21:56:56Z" finished-at="2014-08-13T21:57:03Z">
          <reporter-output>
            <line>
              <![CDATA[[Title] : 전체 : 지식iN<br>]]>
            </line>
            <line>
              <![CDATA[[URL] : http://qa.m.kin.naver.com/mobile/qna/questionList.nhn#%7B%22dirId%22%3A0%2C%22sortType%22%3A%22writeTime%22%7D<br>]]>
            </line>
          </reporter-output>
        </test-method> <!-- TC_01_새질문__관심탭_전체_Test -->
        <test-method status="PASS" signature="TC_02_새질문_관심탭_관심지역_Test()[pri:0, instance:com.naver.main.kin.s03_새질문.suite_01_새질문_하위메뉴_Test@327cee]" name="TC_02_새질문_관심탭_관심지역_Test" duration-ms="2933" started-at="2014-08-13T21:57:03Z" finished-at="2014-08-13T21:57:06Z">
          <reporter-output>
            <line>
              <![CDATA[[Title] : 관심지역 : 지식iN<br>]]>
            </line>
            <line>
              <![CDATA[[URL] : http://qa.m.kin.naver.com/mobile/qna/localQuestionList.nhn<br>]]>
            </line>
          </reporter-output>
        </test-method> <!-- TC_02_새질문_관심탭_관심지역_Test -->
        <test-method status="PASS" signature="TC_03_새질문_관심탭_관심키워드_Test()[pri:0, instance:com.naver.main.kin.s03_새질문.suite_01_새질문_하위메뉴_Test@327cee]" name="TC_03_새질문_관심탭_관심키워드_Test" duration-ms="2977" started-at="2014-08-13T21:57:06Z" finished-at="2014-08-13T21:57:09Z">
          <reporter-output>
            <line>
              <![CDATA[[Title] : 관심키워드 : 지식iN<br>]]>
            </line>
            <line>
              <![CDATA[[URL] : http://qa.m.kin.naver.com/mobile/qna/keywordQuestionList.nhn#%7B%22keyword%22%3A%22%22%2C%22encodedTotalKeywords%22%3A%22%22%2C%22sortType%22%3A%22date%22%7D<br>]]>
            </line>
          </reporter-output>
        </test-method> <!-- TC_03_새질문_관심탭_관심키워드_Test -->
        <test-method status="PASS" signature="TC_04_새질문_관심탭_전체_Test()[pri:0, instance:com.naver.main.kin.s03_새질문.suite_01_새질문_하위메뉴_Test@327cee]" name="TC_04_새질문_관심탭_전체_Test" duration-ms="2977" started-at="2014-08-13T21:57:09Z" finished-at="2014-08-13T21:57:12Z">
          <reporter-output>
            <line>
              <![CDATA[[Title] : 관심분야 : 지식iN<br>]]>
            </line>
            <line>
              <![CDATA[[URL] : http://qa.m.kin.naver.com/mobile/qna/directoryQuestionList.nhn#%7B%22dirId%22%3A0%2C%22sortType%22%3A%22writeTime%22%7D<br>]]>
            </line>
          </reporter-output>
        </test-method> <!-- TC_04_새질문_관심탭_전체_Test -->
        <test-method status="FAIL" signature="TC_05_새질문_관심분야_전체_Test()[pri:0, instance:com.naver.main.kin.s03_새질문.suite_01_새질문_하위메뉴_Test@327cee]" name="TC_05_새질문_관심분야_전체_Test" duration-ms="31493" started-at="2014-08-13T21:57:12Z" finished-at="2014-08-13T21:57:43Z">
          <exception class="org.openqa.selenium.TimeoutException">
            <message>
              <![CDATA[Timed out after 30 seconds waiting for presence of element located by: By.linkText: 경제
Build info: version: '2.32.0', revision: '6c40c18', time: '2013-04-09 17:23:04'
System info: os.name: 'Windows 7', os.arch: 'x86', os.version: '6.1', java.version: '1.7.0_45'
Driver info: driver.version: unknown]]>
            </message>
            <full-stacktrace>
              <![CDATA[org.openqa.selenium.TimeoutException: Timed out after 30 seconds waiting for presence of element located by: By.linkText: 경제
Build info: version: '2.32.0', revision: '6c40c18', time: '2013-04-09 17:23:04'
System info: os.name: 'Windows 7', os.arch: 'x86', os.version: '6.1', java.version: '1.7.0_45'
Driver info: driver.version: unknown
	at org.openqa.selenium.support.ui.FluentWait.timeoutException(FluentWait.java:259)
	at org.openqa.selenium.support.ui.FluentWait.until(FluentWait.java:228)
	at com.naver.main.Utilities.waitForIsSelected(Utilities.java:633)
	at com.naver.main.kin.s03_새질문.suite_01_새질문_하위메뉴_Test.TC_05_새질문_관심분야_전체_Test(suite_01_새질문_하위메뉴_Test.java:171)
	at sun.reflect.NativeMethodAccessorImpl.invoke0(Native Method)
	at sun.reflect.NativeMethodAccessorImpl.invoke(NativeMethodAccessorImpl.java:57)
	at sun.reflect.DelegatingMethodAccessorImpl.invoke(DelegatingMethodAccessorImpl.java:43)
	at java.lang.reflect.Method.invoke(Method.java:606)
	at org.testng.internal.MethodInvocationHelper.invokeMethod(MethodInvocationHelper.java:84)
	at org.testng.internal.Invoker.invokeMethod(Invoker.java:714)
	at org.testng.internal.Invoker.invokeTestMethod(Invoker.java:901)
	at org.testng.internal.Invoker.invokeTestMethods(Invoker.java:1231)
	at org.testng.internal.TestMethodWorker.invokeTestMethods(TestMethodWorker.java:127)
	at org.testng.internal.TestMethodWorker.run(TestMethodWorker.java:111)
	at org.testng.TestRunner.privateRun(TestRunner.java:767)
	at org.testng.TestRunner.run(TestRunner.java:617)
	at org.testng.SuiteRunner.runTest(SuiteRunner.java:334)
	at org.testng.SuiteRunner.access$000(SuiteRunner.java:37)
	at org.testng.SuiteRunner$SuiteWorker.run(SuiteRunner.java:368)
	at org.testng.internal.thread.ThreadUtil$2.call(ThreadUtil.java:64)
	at java.util.concurrent.FutureTask.run(FutureTask.java:262)
	at java.util.concurrent.ThreadPoolExecutor.runWorker(ThreadPoolExecutor.java:1145)
	at java.util.concurrent.ThreadPoolExecutor$Worker.run(ThreadPoolExecutor.java:615)
	at java.lang.Thread.run(Thread.java:744)
Caused by: org.openqa.selenium.NoSuchElementException: Could not find element with linkText: 경제
For documentation on this error, please visit: http://seleniumhq.org/exceptions/no_such_element.html
Build info: version: 'unknown', revision: 'unknown', time: 'unknown'
System info: os.name: 'Linux', os.arch: 'armv7l', os.version: '3.0.31-2029580', java.version: '0'
Driver info: driver.version: EventFiringWebDriver
Command duration or timeout: 616 milliseconds
For documentation on this error, please visit: http://seleniumhq.org/exceptions/no_such_element.html
Build info: version: '2.32.0', revision: '6c40c18', time: '2013-04-09 17:23:04'
System info: os.name: 'Windows 7', os.arch: 'x86', os.version: '6.1', java.version: '1.7.0_45'
Session ID: 1407927042902
Driver info: com.naver.main.Utilities
Capabilities [{platform=ANDROID, acceptSslCerts=true, javascriptEnabled=true, handlesAlerts=true, browserName=android, browserConnectionEnabled=true, webStorageEnabled=true, rotatable=true, locationContextEnabled=true, applicationCacheEnabled=true, webdriver.remote.sessionid=1407927042902, takesScreenshot=true, version=19}]
	at sun.reflect.GeneratedConstructorAccessor12.newInstance(Unknown Source)
	at sun.reflect.DelegatingConstructorAccessorImpl.newInstance(DelegatingConstructorAccessorImpl.java:45)
	at java.lang.reflect.Constructor.newInstance(Constructor.java:526)
	at org.openqa.selenium.remote.ErrorHandler.createThrowable(ErrorHandler.java:187)
	at org.openqa.selenium.remote.ErrorHandler.throwIfResponseFailed(ErrorHandler.java:145)
	at org.openqa.selenium.remote.RemoteWebDriver.execute(RemoteWebDriver.java:554)
	at org.openqa.selenium.remote.RemoteWebDriver.findElement(RemoteWebDriver.java:307)
	at org.openqa.selenium.remote.RemoteWebDriver.findElementByLinkText(RemoteWebDriver.java:356)
	at org.openqa.selenium.By$ByLinkText.findElement(By.java:241)
	at org.openqa.selenium.remote.RemoteWebDriver.findElement(RemoteWebDriver.java:299)
	at org.openqa.selenium.support.ui.ExpectedConditions.findElement(ExpectedConditions.java:523)
	at org.openqa.selenium.support.ui.ExpectedConditions.access$0(ExpectedConditions.java:521)
	at org.openqa.selenium.support.ui.ExpectedConditions$3.apply(ExpectedConditions.java:106)
	at org.openqa.selenium.support.ui.ExpectedConditions$3.apply(ExpectedConditions.java:1)
	at org.openqa.selenium.support.ui.FluentWait.until(FluentWait.java:208)
	... 22 more
Caused by: org.openqa.selenium.NoSuchElementException: Could not find element with linkText: 경제
For documentation on this error, please visit: http://seleniumhq.org/exceptions/no_such_element.html
Build info: version: 'unknown', revision: 'unknown', time: 'unknown'
System info: os.name: 'Linux', os.arch: 'armv7l', os.version: '3.0.31-2029580', java.version: '0'
Driver info: driver.version: EventFiringWebDriver
For documentation on this error, please visit: http://seleniumhq.org/exceptions/no_such_element.html
Build info: version: '2.32.0', revision: '6c40c18', time: '2013-04-09 17:23:04'
System info: os.name: 'Windows 7', os.arch: 'x86', os.version: '6.1', java.version: '1.7.0_45'
Driver info: driver.version: EventFiringWebDriver
	at org.openqa.selenium.android.library.AndroidWebElement.lookupElement(AndroidWebElement.java:351)
	at org.openqa.selenium.android.library.AndroidWebElement.access$1(AndroidWebElement.java:340)
	at org.openqa.selenium.android.library.AndroidWebElement$FindByImpl.findElementByLinkText(AndroidWebElement.java:270)
	at org.openqa.selenium.android.library.AndroidWebDriver$AndroidFindBy.findElementByLinkText(AndroidWebDriver.java:560)
	at org.openqa.selenium.By$ByLinkText.findElement(By.java:241)
	at org.openqa.selenium.android.library.AndroidWebDriver.findElement(AndroidWebDriver.java:507)
	at org.openqa.selenium.android.AndroidApkDriver.findElement(AndroidApkDriver.java:70)
	at java.lang.reflect.Method.invokeNative(Native Method)
	at java.lang.reflect.Method.invoke(Method.java:515)
	at org.openqa.selenium.support.events.EventFiringWebDriver$2.invoke(EventFiringWebDriver.java:102)
	at $Proxy1.findElement(Native Method)
	at org.openqa.selenium.support.events.EventFiringWebDriver.findElement(EventFiringWebDriver.java:181)
	at org.openqa.selenium.remote.server.handler.FindElement.call(FindElement.java:48)
	at org.openqa.selenium.remote.server.handler.FindElement.call(FindElement.java:1)
	at java.util.concurrent.FutureTask.run(FutureTask.java:237)
	at org.openqa.selenium.remote.server.DefaultSession$1.run(DefaultSession.java:151)
	at java.util.concurrent.ThreadPoolExecutor.runWorker(ThreadPoolExecutor.java:1112)
	at java.util.concurrent.ThreadPoolExecutor$Worker.run(ThreadPoolExecutor.java:587)
	at java.lang.Thread.run(Thread.java:841)
]]>
            </full-stacktrace>
          </exception> <!-- org.openqa.selenium.TimeoutException -->
          <reporter-output>
          </reporter-output>
        </test-method> <!-- TC_05_새질문_관심분야_전체_Test -->
        <test-method status="PASS" signature="TC_06_새질문_관심분야_설정_Test()[pri:0, instance:com.naver.main.kin.s03_새질문.suite_01_새질문_하위메뉴_Test@327cee]" name="TC_06_새질문_관심분야_설정_Test" duration-ms="4160" started-at="2014-08-13T21:57:43Z" finished-at="2014-08-13T21:57:48Z">
          <reporter-output>
            <line>
              <![CDATA[[Title] : 관심분야 : 지식iN<br>]]>
            </line>
            <line>
              <![CDATA[[URL] : http://qa.m.kin.naver.com/mobile/qna/userInterestDirs.nhn<br>]]>
            </line>
          </reporter-output>
        </test-method> <!-- TC_06_새질문_관심분야_설정_Test -->
        <test-method status="PASS" signature="TC_06_새질문_전체_펼치기_Test()[pri:0, instance:com.naver.main.kin.s03_새질문.suite_01_새질문_하위메뉴_Test@327cee]" name="TC_06_새질문_전체_펼치기_Test" duration-ms="1" started-at="2014-08-13T21:57:48Z" finished-at="2014-08-13T21:57:48Z">
          <reporter-output>
          </reporter-output>
        </test-method> <!-- TC_06_새질문_전체_펼치기_Test -->
        <test-method status="PASS" signature="TC_07_내소식_TOP()[pri:0, instance:com.naver.main.kin.s03_새질문.suite_01_새질문_하위메뉴_Test@327cee]" name="TC_07_내소식_TOP" duration-ms="0" started-at="2014-08-13T21:57:48Z" finished-at="2014-08-13T21:57:48Z">
          <reporter-output>
          </reporter-output>
        </test-method> <!-- TC_07_내소식_TOP -->
        <test-method status="FAIL" signature="TC_07_새질문_관심키워드_전체_Test()[pri:0, instance:com.naver.main.kin.s03_새질문.suite_01_새질문_하위메뉴_Test@327cee]" name="TC_07_새질문_관심키워드_전체_Test" duration-ms="31100" started-at="2014-08-13T21:57:48Z" finished-at="2014-08-13T21:58:19Z">
          <exception class="org.openqa.selenium.TimeoutException">
            <message>
              <![CDATA[Timed out after 30 seconds waiting for presence of element located by: By.linkText: 아이폰
Build info: version: '2.32.0', revision: '6c40c18', time: '2013-04-09 17:23:04'
System info: os.name: 'Windows 7', os.arch: 'x86', os.version: '6.1', java.version: '1.7.0_45'
Driver info: driver.version: unknown]]>
            </message>
            <full-stacktrace>
              <![CDATA[org.openqa.selenium.TimeoutException: Timed out after 30 seconds waiting for presence of element located by: By.linkText: 아이폰
Build info: version: '2.32.0', revision: '6c40c18', time: '2013-04-09 17:23:04'
System info: os.name: 'Windows 7', os.arch: 'x86', os.version: '6.1', java.version: '1.7.0_45'
Driver info: driver.version: unknown
	at org.openqa.selenium.support.ui.FluentWait.timeoutException(FluentWait.java:259)
	at org.openqa.selenium.support.ui.FluentWait.until(FluentWait.java:228)
	at com.naver.main.Utilities.waitForIsSelected(Utilities.java:633)
	at com.naver.main.kin.s03_새질문.suite_01_새질문_하위메뉴_Test.TC_07_새질문_관심키워드_전체_Test(suite_01_새질문_하위메뉴_Test.java:210)
	at sun.reflect.NativeMethodAccessorImpl.invoke0(Native Method)
	at sun.reflect.NativeMethodAccessorImpl.invoke(NativeMethodAccessorImpl.java:57)
	at sun.reflect.DelegatingMethodAccessorImpl.invoke(DelegatingMethodAccessorImpl.java:43)
	at java.lang.reflect.Method.invoke(Method.java:606)
	at org.testng.internal.MethodInvocationHelper.invokeMethod(MethodInvocationHelper.java:84)
	at org.testng.internal.Invoker.invokeMethod(Invoker.java:714)
	at org.testng.internal.Invoker.invokeTestMethod(Invoker.java:901)
	at org.testng.internal.Invoker.invokeTestMethods(Invoker.java:1231)
	at org.testng.internal.TestMethodWorker.invokeTestMethods(TestMethodWorker.java:127)
	at org.testng.internal.TestMethodWorker.run(TestMethodWorker.java:111)
	at org.testng.TestRunner.privateRun(TestRunner.java:767)
	at org.testng.TestRunner.run(TestRunner.java:617)
	at org.testng.SuiteRunner.runTest(SuiteRunner.java:334)
	at org.testng.SuiteRunner.access$000(SuiteRunner.java:37)
	at org.testng.SuiteRunner$SuiteWorker.run(SuiteRunner.java:368)
	at org.testng.internal.thread.ThreadUtil$2.call(ThreadUtil.java:64)
	at java.util.concurrent.FutureTask.run(FutureTask.java:262)
	at java.util.concurrent.ThreadPoolExecutor.runWorker(ThreadPoolExecutor.java:1145)
	at java.util.concurrent.ThreadPoolExecutor$Worker.run(ThreadPoolExecutor.java:615)
	at java.lang.Thread.run(Thread.java:744)
Caused by: org.openqa.selenium.NoSuchElementException: Could not find element with linkText: 아이폰
For documentation on this error, please visit: http://seleniumhq.org/exceptions/no_such_element.html
Build info: version: 'unknown', revision: 'unknown', time: 'unknown'
System info: os.name: 'Linux', os.arch: 'armv7l', os.version: '3.0.31-2029580', java.version: '0'
Driver info: driver.version: EventFiringWebDriver
Command duration or timeout: 425 milliseconds
For documentation on this error, please visit: http://seleniumhq.org/exceptions/no_such_element.html
Build info: version: '2.32.0', revision: '6c40c18', time: '2013-04-09 17:23:04'
System info: os.name: 'Windows 7', os.arch: 'x86', os.version: '6.1', java.version: '1.7.0_45'
Session ID: 1407927042902
Driver info: com.naver.main.Utilities
Capabilities [{platform=ANDROID, acceptSslCerts=true, javascriptEnabled=true, handlesAlerts=true, browserName=android, browserConnectionEnabled=true, webStorageEnabled=true, rotatable=true, locationContextEnabled=true, applicationCacheEnabled=true, webdriver.remote.sessionid=1407927042902, takesScreenshot=true, version=19}]
	at sun.reflect.GeneratedConstructorAccessor12.newInstance(Unknown Source)
	at sun.reflect.DelegatingConstructorAccessorImpl.newInstance(DelegatingConstructorAccessorImpl.java:45)
	at java.lang.reflect.Constructor.newInstance(Constructor.java:526)
	at org.openqa.selenium.remote.ErrorHandler.createThrowable(ErrorHandler.java:187)
	at org.openqa.selenium.remote.ErrorHandler.throwIfResponseFailed(ErrorHandler.java:145)
	at org.openqa.selenium.remote.RemoteWebDriver.execute(RemoteWebDriver.java:554)
	at org.openqa.selenium.remote.RemoteWebDriver.findElement(RemoteWebDriver.java:307)
	at org.openqa.selenium.remote.RemoteWebDriver.findElementByLinkText(RemoteWebDriver.java:356)
	at org.openqa.selenium.By$ByLinkText.findElement(By.java:241)
	at org.openqa.selenium.remote.RemoteWebDriver.findElement(RemoteWebDriver.java:299)
	at org.openqa.selenium.support.ui.ExpectedConditions.findElement(ExpectedConditions.java:523)
	at org.openqa.selenium.support.ui.ExpectedConditions.access$0(ExpectedConditions.java:521)
	at org.openqa.selenium.support.ui.ExpectedConditions$3.apply(ExpectedConditions.java:106)
	at org.openqa.selenium.support.ui.ExpectedConditions$3.apply(ExpectedConditions.java:1)
	at org.openqa.selenium.support.ui.FluentWait.until(FluentWait.java:208)
	... 22 more
Caused by: org.openqa.selenium.NoSuchElementException: Could not find element with linkText: 아이폰
For documentation on this error, please visit: http://seleniumhq.org/exceptions/no_such_element.html
Build info: version: 'unknown', revision: 'unknown', time: 'unknown'
System info: os.name: 'Linux', os.arch: 'armv7l', os.version: '3.0.31-2029580', java.version: '0'
Driver info: driver.version: EventFiringWebDriver
For documentation on this error, please visit: http://seleniumhq.org/exceptions/no_such_element.html
Build info: version: '2.32.0', revision: '6c40c18', time: '2013-04-09 17:23:04'
System info: os.name: 'Windows 7', os.arch: 'x86', os.version: '6.1', java.version: '1.7.0_45'
Driver info: driver.version: EventFiringWebDriver
	at org.openqa.selenium.android.library.AndroidWebElement.lookupElement(AndroidWebElement.java:351)
	at org.openqa.selenium.android.library.AndroidWebElement.access$1(AndroidWebElement.java:340)
	at org.openqa.selenium.android.library.AndroidWebElement$FindByImpl.findElementByLinkText(AndroidWebElement.java:270)
	at org.openqa.selenium.android.library.AndroidWebDriver$AndroidFindBy.findElementByLinkText(AndroidWebDriver.java:560)
	at org.openqa.selenium.By$ByLinkText.findElement(By.java:241)
	at org.openqa.selenium.android.library.AndroidWebDriver.findElement(AndroidWebDriver.java:507)
	at org.openqa.selenium.android.AndroidApkDriver.findElement(AndroidApkDriver.java:70)
	at java.lang.reflect.Method.invokeNative(Native Method)
	at java.lang.reflect.Method.invoke(Method.java:515)
	at org.openqa.selenium.support.events.EventFiringWebDriver$2.invoke(EventFiringWebDriver.java:102)
	at $Proxy1.findElement(Native Method)
	at org.openqa.selenium.support.events.EventFiringWebDriver.findElement(EventFiringWebDriver.java:181)
	at org.openqa.selenium.remote.server.handler.FindElement.call(FindElement.java:48)
	at org.openqa.selenium.remote.server.handler.FindElement.call(FindElement.java:1)
	at java.util.concurrent.FutureTask.run(FutureTask.java:237)
	at org.openqa.selenium.remote.server.DefaultSession$1.run(DefaultSession.java:151)
	at java.util.concurrent.ThreadPoolExecutor.runWorker(ThreadPoolExecutor.java:1112)
	at java.util.concurrent.ThreadPoolExecutor$Worker.run(ThreadPoolExecutor.java:587)
	at java.lang.Thread.run(Thread.java:841)
]]>
            </full-stacktrace>
          </exception> <!-- org.openqa.selenium.TimeoutException -->
          <reporter-output>
          </reporter-output>
        </test-method> <!-- TC_07_새질문_관심키워드_전체_Test -->
        <test-method status="FAIL" signature="TC_08_새질문_관심키워드_설정_Test()[pri:0, instance:com.naver.main.kin.s03_새질문.suite_01_새질문_하위메뉴_Test@327cee]" name="TC_08_새질문_관심키워드_설정_Test" duration-ms="3124" started-at="2014-08-13T21:58:19Z" finished-at="2014-08-13T21:58:22Z">
          <exception class="java.lang.AssertionError">
            <message>
              <![CDATA[expected [true] but found [false]]]>
            </message>
            <full-stacktrace>
              <![CDATA[java.lang.AssertionError: expected [true] but found [false]
	at org.testng.Assert.fail(Assert.java:94)
	at org.testng.Assert.failNotEquals(Assert.java:494)
	at org.testng.Assert.assertTrue(Assert.java:42)
	at org.testng.Assert.assertTrue(Assert.java:52)
	at com.naver.main.kin.s03_새질문.suite_01_새질문_하위메뉴_Test.TC_08_새질문_관심키워드_설정_Test(suite_01_새질문_하위메뉴_Test.java:231)
	at sun.reflect.NativeMethodAccessorImpl.invoke0(Native Method)
	at sun.reflect.NativeMethodAccessorImpl.invoke(NativeMethodAccessorImpl.java:57)
	at sun.reflect.DelegatingMethodAccessorImpl.invoke(DelegatingMethodAccessorImpl.java:43)
	at java.lang.reflect.Method.invoke(Method.java:606)
	at org.testng.internal.MethodInvocationHelper.invokeMethod(MethodInvocationHelper.java:84)
	at org.testng.internal.Invoker.invokeMethod(Invoker.java:714)
	at org.testng.internal.Invoker.invokeTestMethod(Invoker.java:901)
	at org.testng.internal.Invoker.invokeTestMethods(Invoker.java:1231)
	at org.testng.internal.TestMethodWorker.invokeTestMethods(TestMethodWorker.java:127)
	at org.testng.internal.TestMethodWorker.run(TestMethodWorker.java:111)
	at org.testng.TestRunner.privateRun(TestRunner.java:767)
	at org.testng.TestRunner.run(TestRunner.java:617)
	at org.testng.SuiteRunner.runTest(SuiteRunner.java:334)
	at org.testng.SuiteRunner.access$000(SuiteRunner.java:37)
	at org.testng.SuiteRunner$SuiteWorker.run(SuiteRunner.java:368)
	at org.testng.internal.thread.ThreadUtil$2.call(ThreadUtil.java:64)
	at java.util.concurrent.FutureTask.run(FutureTask.java:262)
	at java.util.concurrent.ThreadPoolExecutor.runWorker(ThreadPoolExecutor.java:1145)
	at java.util.concurrent.ThreadPoolExecutor$Worker.run(ThreadPoolExecutor.java:615)
	at java.lang.Thread.run(Thread.java:744)
]]>
            </full-stacktrace>
          </exception> <!-- java.lang.AssertionError -->
          <reporter-output>
            <line>
              <![CDATA[[Title] : 관심분야 : 지식iN<br>]]>
            </line>
            <line>
              <![CDATA[[URL] : http://qa.m.kin.naver.com/mobile/qna/userInterestDirs.nhn<br>]]>
            </line>
          </reporter-output>
        </test-method> <!-- TC_08_새질문_관심키워드_설정_Test -->
        <test-method status="FAIL" signature="TC_09_새질문_관심지역_전체_Test()[pri:0, instance:com.naver.main.kin.s03_새질문.suite_01_새질문_하위메뉴_Test@327cee]" name="TC_09_새질문_관심지역_전체_Test" duration-ms="30542" started-at="2014-08-13T21:58:22Z" finished-at="2014-08-13T21:58:52Z">
          <exception class="org.openqa.selenium.TimeoutException">
            <message>
              <![CDATA[Timed out after 30 seconds waiting for presence of element located by: By.id: choose_directory_manual
Build info: version: '2.32.0', revision: '6c40c18', time: '2013-04-09 17:23:04'
System info: os.name: 'Windows 7', os.arch: 'x86', os.version: '6.1', java.version: '1.7.0_45'
Driver info: driver.version: unknown]]>
            </message>
            <full-stacktrace>
              <![CDATA[org.openqa.selenium.TimeoutException: Timed out after 30 seconds waiting for presence of element located by: By.id: choose_directory_manual
Build info: version: '2.32.0', revision: '6c40c18', time: '2013-04-09 17:23:04'
System info: os.name: 'Windows 7', os.arch: 'x86', os.version: '6.1', java.version: '1.7.0_45'
Driver info: driver.version: unknown
	at org.openqa.selenium.support.ui.FluentWait.timeoutException(FluentWait.java:259)
	at org.openqa.selenium.support.ui.FluentWait.until(FluentWait.java:228)
	at com.naver.main.Utilities.waitForIsElementPresent(Utilities.java:341)
	at com.naver.main.Utilities.selectAndWait(Utilities.java:508)
	at com.naver.main.kin.s03_새질문.suite_01_새질문_하위메뉴_Test.TC_09_새질문_관심지역_전체_Test(suite_01_새질문_하위메뉴_Test.java:248)
	at sun.reflect.NativeMethodAccessorImpl.invoke0(Native Method)
	at sun.reflect.NativeMethodAccessorImpl.invoke(NativeMethodAccessorImpl.java:57)
	at sun.reflect.DelegatingMethodAccessorImpl.invoke(DelegatingMethodAccessorImpl.java:43)
	at java.lang.reflect.Method.invoke(Method.java:606)
	at org.testng.internal.MethodInvocationHelper.invokeMethod(MethodInvocationHelper.java:84)
	at org.testng.internal.Invoker.invokeMethod(Invoker.java:714)
	at org.testng.internal.Invoker.invokeTestMethod(Invoker.java:901)
	at org.testng.internal.Invoker.invokeTestMethods(Invoker.java:1231)
	at org.testng.internal.TestMethodWorker.invokeTestMethods(TestMethodWorker.java:127)
	at org.testng.internal.TestMethodWorker.run(TestMethodWorker.java:111)
	at org.testng.TestRunner.privateRun(TestRunner.java:767)
	at org.testng.TestRunner.run(TestRunner.java:617)
	at org.testng.SuiteRunner.runTest(SuiteRunner.java:334)
	at org.testng.SuiteRunner.access$000(SuiteRunner.java:37)
	at org.testng.SuiteRunner$SuiteWorker.run(SuiteRunner.java:368)
	at org.testng.internal.thread.ThreadUtil$2.call(ThreadUtil.java:64)
	at java.util.concurrent.FutureTask.run(FutureTask.java:262)
	at java.util.concurrent.ThreadPoolExecutor.runWorker(ThreadPoolExecutor.java:1145)
	at java.util.concurrent.ThreadPoolExecutor$Worker.run(ThreadPoolExecutor.java:615)
	at java.lang.Thread.run(Thread.java:744)
Caused by: org.openqa.selenium.NoSuchElementException: Could not find element with id: choose_directory_manual
For documentation on this error, please visit: http://seleniumhq.org/exceptions/no_such_element.html
Build info: version: 'unknown', revision: 'unknown', time: 'unknown'
System info: os.name: 'Linux', os.arch: 'armv7l', os.version: '3.0.31-2029580', java.version: '0'
Driver info: driver.version: EventFiringWebDriver
Command duration or timeout: 140 milliseconds
For documentation on this error, please visit: http://seleniumhq.org/exceptions/no_such_element.html
Build info: version: '2.32.0', revision: '6c40c18', time: '2013-04-09 17:23:04'
System info: os.name: 'Windows 7', os.arch: 'x86', os.version: '6.1', java.version: '1.7.0_45'
Session ID: 1407927042902
Driver info: com.naver.main.Utilities
Capabilities [{platform=ANDROID, acceptSslCerts=true, javascriptEnabled=true, handlesAlerts=true, browserName=android, browserConnectionEnabled=true, webStorageEnabled=true, rotatable=true, locationContextEnabled=true, applicationCacheEnabled=true, webdriver.remote.sessionid=1407927042902, takesScreenshot=true, version=19}]
	at sun.reflect.GeneratedConstructorAccessor12.newInstance(Unknown Source)
	at sun.reflect.DelegatingConstructorAccessorImpl.newInstance(DelegatingConstructorAccessorImpl.java:45)
	at java.lang.reflect.Constructor.newInstance(Constructor.java:526)
	at org.openqa.selenium.remote.ErrorHandler.createThrowable(ErrorHandler.java:187)
	at org.openqa.selenium.remote.ErrorHandler.throwIfResponseFailed(ErrorHandler.java:145)
	at org.openqa.selenium.remote.RemoteWebDriver.execute(RemoteWebDriver.java:554)
	at org.openqa.selenium.remote.RemoteWebDriver.findElement(RemoteWebDriver.java:307)
	at org.openqa.selenium.remote.RemoteWebDriver.findElementById(RemoteWebDriver.java:348)
	at org.openqa.selenium.By$ById.findElement(By.java:216)
	at org.openqa.selenium.remote.RemoteWebDriver.findElement(RemoteWebDriver.java:299)
	at org.openqa.selenium.support.ui.ExpectedConditions.findElement(ExpectedConditions.java:523)
	at org.openqa.selenium.support.ui.ExpectedConditions.access$0(ExpectedConditions.java:521)
	at org.openqa.selenium.support.ui.ExpectedConditions$3.apply(ExpectedConditions.java:106)
	at org.openqa.selenium.support.ui.ExpectedConditions$3.apply(ExpectedConditions.java:1)
	at org.openqa.selenium.support.ui.FluentWait.until(FluentWait.java:208)
	... 23 more
Caused by: org.openqa.selenium.NoSuchElementException: Could not find element with id: choose_directory_manual
For documentation on this error, please visit: http://seleniumhq.org/exceptions/no_such_element.html
Build info: version: 'unknown', revision: 'unknown', time: 'unknown'
System info: os.name: 'Linux', os.arch: 'armv7l', os.version: '3.0.31-2029580', java.version: '0'
Driver info: driver.version: EventFiringWebDriver
For documentation on this error, please visit: http://seleniumhq.org/exceptions/no_such_element.html
Build info: version: '2.32.0', revision: '6c40c18', time: '2013-04-09 17:23:04'
System info: os.name: 'Windows 7', os.arch: 'x86', os.version: '6.1', java.version: '1.7.0_45'
Driver info: driver.version: EventFiringWebDriver
	at org.openqa.selenium.android.library.AndroidWebElement.lookupElement(AndroidWebElement.java:351)
	at org.openqa.selenium.android.library.AndroidWebElement.access$1(AndroidWebElement.java:340)
	at org.openqa.selenium.android.library.AndroidWebElement$FindByImpl.findElementById(AndroidWebElement.java:254)
	at org.openqa.selenium.android.library.AndroidWebDriver$AndroidFindBy.findElementById(AndroidWebDriver.java:568)
	at org.openqa.selenium.By$ById.findElement(By.java:216)
	at org.openqa.selenium.android.library.AndroidWebDriver.findElement(AndroidWebDriver.java:507)
	at org.openqa.selenium.android.AndroidApkDriver.findElement(AndroidApkDriver.java:70)
	at java.lang.reflect.Method.invokeNative(Native Method)
	at java.lang.reflect.Method.invoke(Method.java:515)
	at org.openqa.selenium.support.events.EventFiringWebDriver$2.invoke(EventFiringWebDriver.java:102)
	at $Proxy1.findElement(Native Method)
	at org.openqa.selenium.support.events.EventFiringWebDriver.findElement(EventFiringWebDriver.java:181)
	at org.openqa.selenium.remote.server.handler.FindElement.call(FindElement.java:48)
	at org.openqa.selenium.remote.server.handler.FindElement.call(FindElement.java:1)
	at java.util.concurrent.FutureTask.run(FutureTask.java:237)
	at org.openqa.selenium.remote.server.DefaultSession$1.run(DefaultSession.java:151)
	at java.util.concurrent.ThreadPoolExecutor.runWorker(ThreadPoolExecutor.java:1112)
	at java.util.concurrent.ThreadPoolExecutor$Worker.run(ThreadPoolExecutor.java:587)
	at java.lang.Thread.run(Thread.java:841)
]]>
            </full-stacktrace>
          </exception> <!-- org.openqa.selenium.TimeoutException -->
          <reporter-output>
          </reporter-output>
        </test-method> <!-- TC_09_새질문_관심지역_전체_Test -->
        <test-method status="FAIL" signature="TC_10_새질문_관심지역_설정_Test()[pri:0, instance:com.naver.main.kin.s03_새질문.suite_01_새질문_하위메뉴_Test@327cee]" name="TC_10_새질문_관심지역_설정_Test" duration-ms="30400" started-at="2014-08-13T21:58:52Z" finished-at="2014-08-13T21:59:23Z">
          <exception class="org.openqa.selenium.TimeoutException">
            <message>
              <![CDATA[Timed out after 30 seconds waiting for element to be clickable: By.className: set
Build info: version: '2.32.0', revision: '6c40c18', time: '2013-04-09 17:23:04'
System info: os.name: 'Windows 7', os.arch: 'x86', os.version: '6.1', java.version: '1.7.0_45'
Driver info: driver.version: unknown]]>
            </message>
            <full-stacktrace>
              <![CDATA[org.openqa.selenium.TimeoutException: Timed out after 30 seconds waiting for element to be clickable: By.className: set
Build info: version: '2.32.0', revision: '6c40c18', time: '2013-04-09 17:23:04'
System info: os.name: 'Windows 7', os.arch: 'x86', os.version: '6.1', java.version: '1.7.0_45'
Driver info: driver.version: unknown
	at org.openqa.selenium.support.ui.FluentWait.timeoutException(FluentWait.java:259)
	at org.openqa.selenium.support.ui.FluentWait.until(FluentWait.java:228)
	at com.naver.main.Utilities.clickAndWait(Utilities.java:448)
	at com.naver.main.kin.s03_새질문.suite_01_새질문_하위메뉴_Test.TC_10_새질문_관심지역_설정_Test(suite_01_새질문_하위메뉴_Test.java:263)
	at sun.reflect.NativeMethodAccessorImpl.invoke0(Native Method)
	at sun.reflect.NativeMethodAccessorImpl.invoke(NativeMethodAccessorImpl.java:57)
	at sun.reflect.DelegatingMethodAccessorImpl.invoke(DelegatingMethodAccessorImpl.java:43)
	at java.lang.reflect.Method.invoke(Method.java:606)
	at org.testng.internal.MethodInvocationHelper.invokeMethod(MethodInvocationHelper.java:84)
	at org.testng.internal.Invoker.invokeMethod(Invoker.java:714)
	at org.testng.internal.Invoker.invokeTestMethod(Invoker.java:901)
	at org.testng.internal.Invoker.invokeTestMethods(Invoker.java:1231)
	at org.testng.internal.TestMethodWorker.invokeTestMethods(TestMethodWorker.java:127)
	at org.testng.internal.TestMethodWorker.run(TestMethodWorker.java:111)
	at org.testng.TestRunner.privateRun(TestRunner.java:767)
	at org.testng.TestRunner.run(TestRunner.java:617)
	at org.testng.SuiteRunner.runTest(SuiteRunner.java:334)
	at org.testng.SuiteRunner.access$000(SuiteRunner.java:37)
	at org.testng.SuiteRunner$SuiteWorker.run(SuiteRunner.java:368)
	at org.testng.internal.thread.ThreadUtil$2.call(ThreadUtil.java:64)
	at java.util.concurrent.FutureTask.run(FutureTask.java:262)
	at java.util.concurrent.ThreadPoolExecutor.runWorker(ThreadPoolExecutor.java:1145)
	at java.util.concurrent.ThreadPoolExecutor$Worker.run(ThreadPoolExecutor.java:615)
	at java.lang.Thread.run(Thread.java:744)
Caused by: org.openqa.selenium.NoSuchElementException: Could not find element with className: set
For documentation on this error, please visit: http://seleniumhq.org/exceptions/no_such_element.html
Build info: version: 'unknown', revision: 'unknown', time: 'unknown'
System info: os.name: 'Linux', os.arch: 'armv7l', os.version: '3.0.31-2029580', java.version: '0'
Driver info: driver.version: EventFiringWebDriver
Command duration or timeout: 132 milliseconds
For documentation on this error, please visit: http://seleniumhq.org/exceptions/no_such_element.html
Build info: version: '2.32.0', revision: '6c40c18', time: '2013-04-09 17:23:04'
System info: os.name: 'Windows 7', os.arch: 'x86', os.version: '6.1', java.version: '1.7.0_45'
Session ID: 1407927042902
Driver info: com.naver.main.Utilities
Capabilities [{platform=ANDROID, acceptSslCerts=true, javascriptEnabled=true, handlesAlerts=true, browserName=android, browserConnectionEnabled=true, webStorageEnabled=true, rotatable=true, locationContextEnabled=true, applicationCacheEnabled=true, webdriver.remote.sessionid=1407927042902, takesScreenshot=true, version=19}]
	at sun.reflect.GeneratedConstructorAccessor12.newInstance(Unknown Source)
	at sun.reflect.DelegatingConstructorAccessorImpl.newInstance(DelegatingConstructorAccessorImpl.java:45)
	at java.lang.reflect.Constructor.newInstance(Constructor.java:526)
	at org.openqa.selenium.remote.ErrorHandler.createThrowable(ErrorHandler.java:187)
	at org.openqa.selenium.remote.ErrorHandler.throwIfResponseFailed(ErrorHandler.java:145)
	at org.openqa.selenium.remote.RemoteWebDriver.execute(RemoteWebDriver.java:554)
	at org.openqa.selenium.remote.RemoteWebDriver.findElement(RemoteWebDriver.java:307)
	at org.openqa.selenium.remote.RemoteWebDriver.findElementByClassName(RemoteWebDriver.java:388)
	at org.openqa.selenium.By$ByClassName.findElement(By.java:371)
	at org.openqa.selenium.remote.RemoteWebDriver.findElement(RemoteWebDriver.java:299)
	at org.openqa.selenium.support.ui.ExpectedConditions.findElement(ExpectedConditions.java:523)
	at org.openqa.selenium.support.ui.ExpectedConditions.access$0(ExpectedConditions.java:521)
	at org.openqa.selenium.support.ui.ExpectedConditions$4.apply(ExpectedConditions.java:130)
	at org.openqa.selenium.support.ui.ExpectedConditions$4.apply(ExpectedConditions.java:1)
	at org.openqa.selenium.support.ui.ExpectedConditions$12.apply(ExpectedConditions.java:355)
	at org.openqa.selenium.support.ui.ExpectedConditions$12.apply(ExpectedConditions.java:1)
	at org.openqa.selenium.support.ui.FluentWait.until(FluentWait.java:208)
	... 22 more
Caused by: org.openqa.selenium.NoSuchElementException: Could not find element with className: set
For documentation on this error, please visit: http://seleniumhq.org/exceptions/no_such_element.html
Build info: version: 'unknown', revision: 'unknown', time: 'unknown'
System info: os.name: 'Linux', os.arch: 'armv7l', os.version: '3.0.31-2029580', java.version: '0'
Driver info: driver.version: EventFiringWebDriver
For documentation on this error, please visit: http://seleniumhq.org/exceptions/no_such_element.html
Build info: version: '2.32.0', revision: '6c40c18', time: '2013-04-09 17:23:04'
System info: os.name: 'Windows 7', os.arch: 'x86', os.version: '6.1', java.version: '1.7.0_45'
Driver info: driver.version: EventFiringWebDriver
	at org.openqa.selenium.android.library.AndroidWebElement.lookupElement(AndroidWebElement.java:351)
	at org.openqa.selenium.android.library.AndroidWebElement.access$1(AndroidWebElement.java:340)
	at org.openqa.selenium.android.library.AndroidWebElement$FindByImpl.findElementByClassName(AndroidWebElement.java:310)
	at org.openqa.selenium.android.library.AndroidWebDriver$AndroidFindBy.findElementByClassName(AndroidWebDriver.java:616)
	at org.openqa.selenium.By$ByClassName.findElement(By.java:371)
	at org.openqa.selenium.android.library.AndroidWebDriver.findElement(AndroidWebDriver.java:507)
	at org.openqa.selenium.android.AndroidApkDriver.findElement(AndroidApkDriver.java:70)
	at java.lang.reflect.Method.invokeNative(Native Method)
	at java.lang.reflect.Method.invoke(Method.java:515)
	at org.openqa.selenium.support.events.EventFiringWebDriver$2.invoke(EventFiringWebDriver.java:102)
	at $Proxy1.findElement(Native Method)
	at org.openqa.selenium.support.events.EventFiringWebDriver.findElement(EventFiringWebDriver.java:181)
	at org.openqa.selenium.remote.server.handler.FindElement.call(FindElement.java:48)
	at org.openqa.selenium.remote.server.handler.FindElement.call(FindElement.java:1)
	at java.util.concurrent.FutureTask.run(FutureTask.java:237)
	at org.openqa.selenium.remote.server.DefaultSession$1.run(DefaultSession.java:151)
	at java.util.concurrent.ThreadPoolExecutor.runWorker(ThreadPoolExecutor.java:1112)
	at java.util.concurrent.ThreadPoolExecutor$Worker.run(ThreadPoolExecutor.java:587)
	at java.lang.Thread.run(Thread.java:841)
]]>
            </full-stacktrace>
          </exception> <!-- org.openqa.selenium.TimeoutException -->
          <reporter-output>
          </reporter-output>
        </test-method> <!-- TC_10_새질문_관심지역_설정_Test -->
      </class> <!-- com.naver.main.kin.s03_새질문.suite_01_새질문_하위메뉴_Test -->
    </test> <!-- galaxy_note2 -->
  </suite> <!-- NaverMainMobileWeb Regression Test -->
</testng-results>
